2000.03.29 17:59 B C:\My Documents\Haven\domains\westwood\towns\soleil\room\bakery.c <-- mud.entropymedia.com /disk/balishae/lib/domains/westwood/towns/soleil/room bakery.c
2000.03.29 17:59 B C:\My Documents\Haven\domains\westwood\towns\soleil\room\barracks.c <-- mud.entropymedia.com /disk/balishae/lib/domains/westwood/towns/soleil/room barracks.c
2000.03.29 17:59 B C:\My Documents\Haven\domains\westwood\towns\soleil\room\cemetery.c <-- mud.entropymedia.com /disk/balishae/lib/domains/westwood/towns/soleil/room cemetery.c
2000.03.29 17:59 B C:\My Documents\Haven\domains\westwood\towns\soleil\room\cl_hall.c <-- mud.entropymedia.com /disk/balishae/lib/domains/westwood/towns/soleil/room cl_hall.c
2000.03.29 17:59 B C:\My Documents\Haven\domains\westwood\towns\soleil\room\gallery.c <-- mud.entropymedia.com /disk/balishae/lib/domains/westwood/towns/soleil/room gallery.c
2000.03.29 17:59 B C:\My Documents\Haven\domains\westwood\towns\soleil\room\gate.c <-- mud.entropymedia.com /disk/balishae/lib/domains/westwood/towns/soleil/room gate.c
2000.03.29 17:59 B C:\My Documents\Haven\domains\westwood\towns\soleil\room\hall.c <-- mud.entropymedia.com /disk/balishae/lib/domains/westwood/towns/soleil/room hall.c
2000.03.29 17:59 B C:\My Documents\Haven\domains\westwood\towns\soleil\room\inn.c <-- mud.entropymedia.com /disk/balishae/lib/domains/westwood/towns/soleil/room inn.c
2000.03.29 17:59 B C:\My Documents\Haven\domains\westwood\towns\soleil\room\mercha.c <-- mud.entropymedia.com /disk/balishae/lib/domains/westwood/towns/soleil/room mercha.c
2000.03.29 17:59 B C:\My Documents\Haven\domains\westwood\towns\soleil\room\merchb.c <-- mud.entropymedia.com /disk/balishae/lib/domains/westwood/towns/soleil/room merchb.c
2000.03.29 17:59 B C:\My Documents\Haven\domains\westwood\towns\soleil\room\musicstore.c <-- mud.entropymedia.com /disk/balishae/lib/domains/westwood/towns/soleil/room musicstore.c
2000.03.29 17:59 B C:\My Documents\Haven\domains\westwood\towns\soleil\room\phouse1.c <-- mud.entropymedia.com /disk/balishae/lib/domains/westwood/towns/soleil/room phouse1.c
2000.03.29 17:59 B C:\My Documents\Haven\domains\westwood\towns\soleil\room\pinn1.c <-- mud.entropymedia.com /disk/balishae/lib/domains/westwood/towns/soleil/room pinn1.c
2000.03.29 17:59 B C:\My Documents\Haven\domains\westwood\towns\soleil\room\pool.c <-- mud.entropymedia.com /disk/balishae/lib/domains/westwood/towns/soleil/room pool.c
2000.03.29 17:59 B C:\My Documents\Haven\domains\westwood\towns\soleil\room\post_office.c <-- mud.entropymedia.com /disk/balishae/lib/domains/westwood/towns/soleil/room post_office.c
2000.03.29 17:59 B C:\My Documents\Haven\domains\westwood\towns\soleil\room\str_mus.c <-- mud.entropymedia.com /disk/balishae/lib/domains/westwood/towns/soleil/room str_mus.c
2000.03.29 18:00 B C:\My Documents\Haven\domains\westwood\towns\soleil\room\temple.c <-- mud.entropymedia.com /disk/balishae/lib/domains/westwood/towns/soleil/room temple.c
2000.03.29 18:00 B C:\My Documents\Haven\domains\westwood\towns\soleil\room\townhall.c <-- mud.entropymedia.com /disk/balishae/lib/domains/westwood/towns/soleil/room townhall.c
2000.03.29 18:00 B C:\My Documents\Haven\domains\westwood\towns\soleil\room\tree_a.c <-- mud.entropymedia.com /disk/balishae/lib/domains/westwood/towns/soleil/room tree_a.c
2000.03.29 18:00 B C:\My Documents\Haven\domains\westwood\towns\soleil\room\tree_b.c <-- mud.entropymedia.com /disk/balishae/lib/domains/westwood/towns/soleil/room tree_b.c
2000.03.29 18:00 B C:\My Documents\Haven\domains\westwood\towns\soleil\room\tree_c.c <-- mud.entropymedia.com /disk/balishae/lib/domains/westwood/towns/soleil/room tree_c.c
2000.03.29 18:00 B C:\My Documents\Haven\domains\westwood\towns\soleil\room\up1.c <-- mud.entropymedia.com /disk/balishae/lib/domains/westwood/towns/soleil/room up1.c
2000.03.29 18:00 B C:\My Documents\Haven\domains\westwood\towns\soleil\room\up2.c <-- mud.entropymedia.com /disk/balishae/lib/domains/westwood/towns/soleil/room up2.c
2000.03.29 18:00 B C:\My Documents\Haven\domains\westwood\towns\soleil\room\up3.c <-- mud.entropymedia.com /disk/balishae/lib/domains/westwood/towns/soleil/room up3.c
2000.03.29 18:00 B C:\My Documents\Haven\domains\westwood\towns\soleil\room\up4.c <-- mud.entropymedia.com /disk/balishae/lib/domains/westwood/towns/soleil/room up4.c
2000.03.29 18:00 B C:\My Documents\Haven\domains\westwood\towns\soleil\room\up5.c <-- mud.entropymedia.com /disk/balishae/lib/domains/westwood/towns/soleil/room up5.c
