2000.03.29 17:59 B C:\My Documents\Haven\domains\westwood\towns\soleil\obj\armour.c <-- mud.entropymedia.com /disk/balishae/lib/domains/westwood/towns/soleil/obj armour.c
2000.03.29 17:59 B C:\My Documents\Haven\domains\westwood\towns\soleil\obj\armour_body.c <-- mud.entropymedia.com /disk/balishae/lib/domains/westwood/towns/soleil/obj armour_body.c
2000.03.29 17:59 B C:\My Documents\Haven\domains\westwood\towns\soleil\obj\armour_cuisse.c <-- mud.entropymedia.com /disk/balishae/lib/domains/westwood/towns/soleil/obj armour_cuisse.c
2000.03.29 17:59 B C:\My Documents\Haven\domains\westwood\towns\soleil\obj\armour_gauntlet1.c <-- mud.entropymedia.com /disk/balishae/lib/domains/westwood/towns/soleil/obj armour_gauntlet1.c
2000.03.29 17:59 B C:\My Documents\Haven\domains\westwood\towns\soleil\obj\armour_gauntlet2.c <-- mud.entropymedia.com /disk/balishae/lib/domains/westwood/towns/soleil/obj armour_gauntlet2.c
2000.03.29 17:59 B C:\My Documents\Haven\domains\westwood\towns\soleil\obj\armour_helmet.c <-- mud.entropymedia.com /disk/balishae/lib/domains/westwood/towns/soleil/obj armour_helmet.c
2000.03.29 17:59 B C:\My Documents\Haven\domains\westwood\towns\soleil\obj\armour_solleret.c <-- mud.entropymedia.com /disk/balishae/lib/domains/westwood/towns/soleil/obj armour_solleret.c
2000.03.29 17:59 B C:\My Documents\Haven\domains\westwood\towns\soleil\obj\bow_long.c <-- mud.entropymedia.com /disk/balishae/lib/domains/westwood/towns/soleil/obj bow_long.c
2000.03.29 17:59 B C:\My Documents\Haven\domains\westwood\towns\soleil\obj\bread_banana.c <-- mud.entropymedia.com /disk/balishae/lib/domains/westwood/towns/soleil/obj bread_banana.c
2000.03.29 17:59 B C:\My Documents\Haven\domains\westwood\towns\soleil\obj\bread_banana_slice.c <-- mud.entropymedia.com /disk/balishae/lib/domains/westwood/towns/soleil/obj bread_banana_slice.c
2000.03.29 17:59 B C:\My Documents\Haven\domains\westwood\towns\soleil\obj\bread_cinna_slice.c <-- mud.entropymedia.com /disk/balishae/lib/domains/westwood/towns/soleil/obj bread_cinna_slice.c
2000.03.29 17:59 B C:\My Documents\Haven\domains\westwood\towns\soleil\obj\bread_cinnamon.c <-- mud.entropymedia.com /disk/balishae/lib/domains/westwood/towns/soleil/obj bread_cinnamon.c
2000.03.29 17:59 B C:\My Documents\Haven\domains\westwood\towns\soleil\obj\bread_fresh.c <-- mud.entropymedia.com /disk/balishae/lib/domains/westwood/towns/soleil/obj bread_fresh.c
2000.03.29 17:59 B C:\My Documents\Haven\domains\westwood\towns\soleil\obj\cl_board.c <-- mud.entropymedia.com /disk/balishae/lib/domains/westwood/towns/soleil/obj cl_board.c
2000.03.29 17:59 B C:\My Documents\Haven\domains\westwood\towns\soleil\obj\cookie_chocochip.c <-- mud.entropymedia.com /disk/balishae/lib/domains/westwood/towns/soleil/obj cookie_chocochip.c
2000.03.29 17:59 B C:\My Documents\Haven\domains\westwood\towns\soleil\obj\cookie_diet.c <-- mud.entropymedia.com /disk/balishae/lib/domains/westwood/towns/soleil/obj cookie_diet.c
2000.03.29 17:59 B C:\My Documents\Haven\domains\westwood\towns\soleil\obj\cookie_ginger.c <-- mud.entropymedia.com /disk/balishae/lib/domains/westwood/towns/soleil/obj cookie_ginger.c
2000.03.29 17:59 B C:\My Documents\Haven\domains\westwood\towns\soleil\obj\cookie_sugar.c <-- mud.entropymedia.com /disk/balishae/lib/domains/westwood/towns/soleil/obj cookie_sugar.c
2000.03.29 17:59 B C:\My Documents\Haven\domains\westwood\towns\soleil\obj\croissant.c <-- mud.entropymedia.com /disk/balishae/lib/domains/westwood/towns/soleil/obj croissant.c
2000.03.29 17:59 B C:\My Documents\Haven\domains\westwood\towns\soleil\obj\cross_s.c <-- mud.entropymedia.com /disk/balishae/lib/domains/westwood/towns/soleil/obj cross_s.c
2000.03.29 17:59 B C:\My Documents\Haven\domains\westwood\towns\soleil\obj\fish_a.c <-- mud.entropymedia.com /disk/balishae/lib/domains/westwood/towns/soleil/obj fish_a.c
2000.03.29 17:59 B C:\My Documents\Haven\domains\westwood\towns\soleil\obj\fish_a_meal.c <-- mud.entropymedia.com /disk/balishae/lib/domains/westwood/towns/soleil/obj fish_a_meal.c
2000.03.29 17:59 B C:\My Documents\Haven\domains\westwood\towns\soleil\obj\fish_b.c <-- mud.entropymedia.com /disk/balishae/lib/domains/westwood/towns/soleil/obj fish_b.c
2000.03.29 17:59 B C:\My Documents\Haven\domains\westwood\towns\soleil\obj\fish_b_meal.c <-- mud.entropymedia.com /disk/balishae/lib/domains/westwood/towns/soleil/obj fish_b_meal.c
2000.03.29 17:59 B C:\My Documents\Haven\domains\westwood\towns\soleil\obj\ironfist.c <-- mud.entropymedia.com /disk/balishae/lib/domains/westwood/towns/soleil/obj ironfist.c
2000.03.29 17:59 B C:\My Documents\Haven\domains\westwood\towns\soleil\obj\ironfist_newbie.c <-- mud.entropymedia.com /disk/balishae/lib/domains/westwood/towns/soleil/obj ironfist_newbie.c
2000.03.29 17:59 B C:\My Documents\Haven\domains\westwood\towns\soleil\obj\meza.c <-- mud.entropymedia.com /disk/balishae/lib/domains/westwood/towns/soleil/obj meza.c
2000.03.29 17:59 B C:\My Documents\Haven\domains\westwood\towns\soleil\obj\pole_short.c <-- mud.entropymedia.com /disk/balishae/lib/domains/westwood/towns/soleil/obj pole_short.c
2000.03.29 17:59 B C:\My Documents\Haven\domains\westwood\towns\soleil\obj\pole_short_newbie.c <-- mud.entropymedia.com /disk/balishae/lib/domains/westwood/towns/soleil/obj pole_short_newbie.c
2000.03.29 17:59 B C:\My Documents\Haven\domains\westwood\towns\soleil\obj\pool.c <-- mud.entropymedia.com /disk/balishae/lib/domains/westwood/towns/soleil/obj pool.c
2000.03.29 17:59 B C:\My Documents\Haven\domains\westwood\towns\soleil\obj\roll_cinnamon.c <-- mud.entropymedia.com /disk/balishae/lib/domains/westwood/towns/soleil/obj roll_cinnamon.c
2000.03.29 17:59 B C:\My Documents\Haven\domains\westwood\towns\soleil\obj\sceptre_rose.c <-- mud.entropymedia.com /disk/balishae/lib/domains/westwood/towns/soleil/obj sceptre_rose.c
2000.03.29 17:59 B C:\My Documents\Haven\domains\westwood\towns\soleil\obj\spear_long.c <-- mud.entropymedia.com /disk/balishae/lib/domains/westwood/towns/soleil/obj spear_long.c
2000.03.29 17:59 B C:\My Documents\Haven\domains\westwood\towns\soleil\obj\stew_rainbow_fish.c <-- mud.entropymedia.com /disk/balishae/lib/domains/westwood/towns/soleil/obj stew_rainbow_fish.c
2000.03.29 17:59 B C:\My Documents\Haven\domains\westwood\towns\soleil\obj\sword.c <-- mud.entropymedia.com /disk/balishae/lib/domains/westwood/towns/soleil/obj sword.c
2000.03.29 17:59 B C:\My Documents\Haven\domains\westwood\towns\soleil\obj\sword_freebie.c <-- mud.entropymedia.com /disk/balishae/lib/domains/westwood/towns/soleil/obj sword_freebie.c
2000.03.29 17:59 B C:\My Documents\Haven\domains\westwood\towns\soleil\obj\sword_training.c <-- mud.entropymedia.com /disk/balishae/lib/domains/westwood/towns/soleil/obj sword_training.c
2000.03.29 17:59 B C:\My Documents\Haven\domains\westwood\towns\soleil\obj\town_board.c <-- mud.entropymedia.com /disk/balishae/lib/domains/westwood/towns/soleil/obj town_board.c
