2000.03.29 17:16 B C:\My Documents\Haven\domains\estergrym\areas\amelia_caves\room\rooma.c <-- mud.entropymedia.com /disk/balishae/lib/domains/estergrym/areas/amelia_caves/room rooma.c
2000.03.29 17:16 B C:\My Documents\Haven\domains\estergrym\areas\amelia_caves\room\roomb.c <-- mud.entropymedia.com /disk/balishae/lib/domains/estergrym/areas/amelia_caves/room roomb.c
2000.03.29 17:16 B C:\My Documents\Haven\domains\estergrym\areas\amelia_caves\room\roomc.c <-- mud.entropymedia.com /disk/balishae/lib/domains/estergrym/areas/amelia_caves/room roomc.c
2000.03.29 17:16 B C:\My Documents\Haven\domains\estergrym\areas\amelia_caves\room\roomd.c <-- mud.entropymedia.com /disk/balishae/lib/domains/estergrym/areas/amelia_caves/room roomd.c
2000.03.29 17:16 B C:\My Documents\Haven\domains\estergrym\areas\amelia_caves\room\roome.c <-- mud.entropymedia.com /disk/balishae/lib/domains/estergrym/areas/amelia_caves/room roome.c
2000.03.29 17:16 B C:\My Documents\Haven\domains\estergrym\areas\amelia_caves\room\roomf.c <-- mud.entropymedia.com /disk/balishae/lib/domains/estergrym/areas/amelia_caves/room roomf.c
2000.03.29 17:16 B C:\My Documents\Haven\domains\estergrym\areas\amelia_caves\room\roomg.c <-- mud.entropymedia.com /disk/balishae/lib/domains/estergrym/areas/amelia_caves/room roomg.c
2000.03.29 17:16 B C:\My Documents\Haven\domains\estergrym\areas\amelia_caves\room\roomh.c <-- mud.entropymedia.com /disk/balishae/lib/domains/estergrym/areas/amelia_caves/room roomh.c
2000.03.29 17:16 B C:\My Documents\Haven\domains\estergrym\areas\amelia_caves\room\roomi.c <-- mud.entropymedia.com /disk/balishae/lib/domains/estergrym/areas/amelia_caves/room roomi.c
2000.03.29 17:16 B C:\My Documents\Haven\domains\estergrym\areas\amelia_caves\room\roomj.c <-- mud.entropymedia.com /disk/balishae/lib/domains/estergrym/areas/amelia_caves/room roomj.c
2000.03.29 17:16 B C:\My Documents\Haven\domains\estergrym\areas\amelia_caves\room\roomk.c <-- mud.entropymedia.com /disk/balishae/lib/domains/estergrym/areas/amelia_caves/room roomk.c
2000.03.29 17:16 B C:\My Documents\Haven\domains\estergrym\areas\amelia_caves\room\rooml.c <-- mud.entropymedia.com /disk/balishae/lib/domains/estergrym/areas/amelia_caves/room rooml.c
2000.03.29 17:16 B C:\My Documents\Haven\domains\estergrym\areas\amelia_caves\room\roomm.c <-- mud.entropymedia.com /disk/balishae/lib/domains/estergrym/areas/amelia_caves/room roomm.c
2000.03.29 17:16 B C:\My Documents\Haven\domains\estergrym\areas\amelia_caves\room\roomn.c <-- mud.entropymedia.com /disk/balishae/lib/domains/estergrym/areas/amelia_caves/room roomn.c
2000.03.29 17:16 B C:\My Documents\Haven\domains\estergrym\areas\amelia_caves\room\roomo.c <-- mud.entropymedia.com /disk/balishae/lib/domains/estergrym/areas/amelia_caves/room roomo.c
2000.03.29 17:16 B C:\My Documents\Haven\domains\estergrym\areas\amelia_caves\room\roomp.c <-- mud.entropymedia.com /disk/balishae/lib/domains/estergrym/areas/amelia_caves/room roomp.c
2000.03.29 17:16 B C:\My Documents\Haven\domains\estergrym\areas\amelia_caves\room\roomq.c <-- mud.entropymedia.com /disk/balishae/lib/domains/estergrym/areas/amelia_caves/room roomq.c
2000.03.29 17:16 B C:\My Documents\Haven\domains\estergrym\areas\amelia_caves\room\roomr.c <-- mud.entropymedia.com /disk/balishae/lib/domains/estergrym/areas/amelia_caves/room roomr.c
2000.03.29 17:16 B C:\My Documents\Haven\domains\estergrym\areas\amelia_caves\room\rooms.c <-- mud.entropymedia.com /disk/balishae/lib/domains/estergrym/areas/amelia_caves/room rooms.c
2000.03.29 17:16 B C:\My Documents\Haven\domains\estergrym\areas\amelia_caves\room\roomt.c <-- mud.entropymedia.com /disk/balishae/lib/domains/estergrym/areas/amelia_caves/room roomt.c
2000.03.29 17:16 B C:\My Documents\Haven\domains\estergrym\areas\amelia_caves\room\roomu.c <-- mud.entropymedia.com /disk/balishae/lib/domains/estergrym/areas/amelia_caves/room roomu.c
2000.03.29 17:16 B C:\My Documents\Haven\domains\estergrym\areas\amelia_caves\room\roomv.c <-- mud.entropymedia.com /disk/balishae/lib/domains/estergrym/areas/amelia_caves/room roomv.c
