2000.03.29 17:56 B C:\My Documents\Haven\domains\westwood\areas\monastery\obj\beer.c <-- mud.entropymedia.com /disk/balishae/lib/domains/westwood/areas/monastery/obj beer.c
2000.03.29 17:56 B C:\My Documents\Haven\domains\westwood\areas\monastery\obj\beer2.c <-- mud.entropymedia.com /disk/balishae/lib/domains/westwood/areas/monastery/obj beer2.c
2000.03.29 17:56 B C:\My Documents\Haven\domains\westwood\areas\monastery\obj\bread.c <-- mud.entropymedia.com /disk/balishae/lib/domains/westwood/areas/monastery/obj bread.c
2000.03.29 17:57 B C:\My Documents\Haven\domains\westwood\areas\monastery\obj\brownie.c <-- mud.entropymedia.com /disk/balishae/lib/domains/westwood/areas/monastery/obj brownie.c
2000.03.29 17:57 B C:\My Documents\Haven\domains\westwood\areas\monastery\obj\circlet.c <-- mud.entropymedia.com /disk/balishae/lib/domains/westwood/areas/monastery/obj circlet.c
2000.03.29 17:57 B C:\My Documents\Haven\domains\westwood\areas\monastery\obj\clarinet.c <-- mud.entropymedia.com /disk/balishae/lib/domains/westwood/areas/monastery/obj clarinet.c
2000.03.29 17:57 B C:\My Documents\Haven\domains\westwood\areas\monastery\obj\cloak_t.c <-- mud.entropymedia.com /disk/balishae/lib/domains/westwood/areas/monastery/obj cloak_t.c
2000.03.29 17:57 B C:\My Documents\Haven\domains\westwood\areas\monastery\obj\flute.c <-- mud.entropymedia.com /disk/balishae/lib/domains/westwood/areas/monastery/obj flute.c
2000.03.29 17:57 B C:\My Documents\Haven\domains\westwood\areas\monastery\obj\guitar.c <-- mud.entropymedia.com /disk/balishae/lib/domains/westwood/areas/monastery/obj guitar.c
2000.03.29 17:57 B C:\My Documents\Haven\domains\westwood\areas\monastery\obj\horn.c <-- mud.entropymedia.com /disk/balishae/lib/domains/westwood/areas/monastery/obj horn.c
2000.03.29 17:57 B C:\My Documents\Haven\domains\westwood\areas\monastery\obj\kidclub.c <-- mud.entropymedia.com /disk/balishae/lib/domains/westwood/areas/monastery/obj kidclub.c
2000.03.29 17:57 B C:\My Documents\Haven\domains\westwood\areas\monastery\obj\kidpole.c <-- mud.entropymedia.com /disk/balishae/lib/domains/westwood/areas/monastery/obj kidpole.c
2000.03.29 17:57 B C:\My Documents\Haven\domains\westwood\areas\monastery\obj\knif_d.c <-- mud.entropymedia.com /disk/balishae/lib/domains/westwood/areas/monastery/obj knif_d.c
2000.03.29 17:57 B C:\My Documents\Haven\domains\westwood\areas\monastery\obj\knif_t.c <-- mud.entropymedia.com /disk/balishae/lib/domains/westwood/areas/monastery/obj knif_t.c
2000.03.29 17:57 B C:\My Documents\Haven\domains\westwood\areas\monastery\obj\meza.c <-- mud.entropymedia.com /disk/balishae/lib/domains/westwood/areas/monastery/obj meza.c
2000.03.29 17:57 B C:\My Documents\Haven\domains\westwood\areas\monastery\obj\pants.c <-- mud.entropymedia.com /disk/balishae/lib/domains/westwood/areas/monastery/obj pants.c
2000.03.29 17:57 B C:\My Documents\Haven\domains\westwood\areas\monastery\obj\pole_t.c <-- mud.entropymedia.com /disk/balishae/lib/domains/westwood/areas/monastery/obj pole_t.c
2000.03.29 17:57 B C:\My Documents\Haven\domains\westwood\areas\monastery\obj\pole_u.c <-- mud.entropymedia.com /disk/balishae/lib/domains/westwood/areas/monastery/obj pole_u.c
2000.03.29 17:57 B C:\My Documents\Haven\domains\westwood\areas\monastery\obj\robe.c <-- mud.entropymedia.com /disk/balishae/lib/domains/westwood/areas/monastery/obj robe.c
2000.03.29 17:57 B C:\My Documents\Haven\domains\westwood\areas\monastery\obj\shirt.c <-- mud.entropymedia.com /disk/balishae/lib/domains/westwood/areas/monastery/obj shirt.c
2000.03.29 17:57 B C:\My Documents\Haven\domains\westwood\areas\monastery\obj\stew.c <-- mud.entropymedia.com /disk/balishae/lib/domains/westwood/areas/monastery/obj stew.c
