2000.03.29 18:03 B C:\My Documents\Haven\domains\westwood\virtual.bkp\westwood\25,29.c <-- mud.entropymedia.com /disk/balishae/lib/domains/westwood/virtual.bkp/westwood 25,29.c
2000.03.29 18:03 B C:\My Documents\Haven\domains\westwood\virtual.bkp\westwood\26,23.c <-- mud.entropymedia.com /disk/balishae/lib/domains/westwood/virtual.bkp/westwood 26,23.c
2000.03.29 18:03 B C:\My Documents\Haven\domains\westwood\virtual.bkp\westwood\26,24.c <-- mud.entropymedia.com /disk/balishae/lib/domains/westwood/virtual.bkp/westwood 26,24.c
2000.03.29 18:03 B C:\My Documents\Haven\domains\westwood\virtual.bkp\westwood\26,28.c <-- mud.entropymedia.com /disk/balishae/lib/domains/westwood/virtual.bkp/westwood 26,28.c
2000.03.29 18:03 B C:\My Documents\Haven\domains\westwood\virtual.bkp\westwood\27,22.c <-- mud.entropymedia.com /disk/balishae/lib/domains/westwood/virtual.bkp/westwood 27,22.c
2000.03.29 18:03 B C:\My Documents\Haven\domains\westwood\virtual.bkp\westwood\27,25.c <-- mud.entropymedia.com /disk/balishae/lib/domains/westwood/virtual.bkp/westwood 27,25.c
2000.03.29 18:03 B C:\My Documents\Haven\domains\westwood\virtual.bkp\westwood\27,26.c <-- mud.entropymedia.com /disk/balishae/lib/domains/westwood/virtual.bkp/westwood 27,26.c
2000.03.29 18:03 B C:\My Documents\Haven\domains\westwood\virtual.bkp\westwood\27,27.c <-- mud.entropymedia.com /disk/balishae/lib/domains/westwood/virtual.bkp/westwood 27,27.c
2000.03.29 18:03 B C:\My Documents\Haven\domains\westwood\virtual.bkp\westwood\fish_a.c <-- mud.entropymedia.com /disk/balishae/lib/domains/westwood/virtual.bkp/westwood fish_a.c
2000.03.29 18:03 B C:\My Documents\Haven\domains\westwood\virtual.bkp\westwood\fish_a_meal.c <-- mud.entropymedia.com /disk/balishae/lib/domains/westwood/virtual.bkp/westwood fish_a_meal.c
2000.03.29 18:03 B C:\My Documents\Haven\domains\westwood\virtual.bkp\westwood\fish_b.c <-- mud.entropymedia.com /disk/balishae/lib/domains/westwood/virtual.bkp/westwood fish_b.c
2000.03.29 18:03 B C:\My Documents\Haven\domains\westwood\virtual.bkp\westwood\fish_b_meal.c <-- mud.entropymedia.com /disk/balishae/lib/domains/westwood/virtual.bkp/westwood fish_b_meal.c
2000.03.29 18:03 B C:\My Documents\Haven\domains\westwood\virtual.bkp\westwood\lake.c <-- mud.entropymedia.com /disk/balishae/lib/domains/westwood/virtual.bkp/westwood lake.c
2000.03.29 18:03 B C:\My Documents\Haven\domains\westwood\virtual.bkp\westwood\lake_inheritable.c <-- mud.entropymedia.com /disk/balishae/lib/domains/westwood/virtual.bkp/westwood lake_inheritable.c
2000.03.29 18:03 B C:\My Documents\Haven\domains\westwood\virtual.bkp\westwood\p_house_1.c <-- mud.entropymedia.com /disk/balishae/lib/domains/westwood/virtual.bkp/westwood p_house_1.c
2000.03.29 18:03 B C:\My Documents\Haven\domains\westwood\virtual.bkp\westwood\p_house_2.c <-- mud.entropymedia.com /disk/balishae/lib/domains/westwood/virtual.bkp/westwood p_house_2.c
2000.03.29 18:03 B C:\My Documents\Haven\domains\westwood\virtual.bkp\westwood\p_house_3.c <-- mud.entropymedia.com /disk/balishae/lib/domains/westwood/virtual.bkp/westwood p_house_3.c
2000.03.29 18:03 B C:\My Documents\Haven\domains\westwood\virtual.bkp\westwood\p_house_4.c <-- mud.entropymedia.com /disk/balishae/lib/domains/westwood/virtual.bkp/westwood p_house_4.c
2000.03.29 18:03 B C:\My Documents\Haven\domains\westwood\virtual.bkp\westwood\p_house_5.c <-- mud.entropymedia.com /disk/balishae/lib/domains/westwood/virtual.bkp/westwood p_house_5.c
2000.03.29 18:03 B C:\My Documents\Haven\domains\westwood\virtual.bkp\westwood\p_inn.c <-- mud.entropymedia.com /disk/balishae/lib/domains/westwood/virtual.bkp/westwood p_inn.c
2000.03.29 18:03 B C:\My Documents\Haven\domains\westwood\virtual.bkp\westwood\river_inheritable.c <-- mud.entropymedia.com /disk/balishae/lib/domains/westwood/virtual.bkp/westwood river_inheritable.c
