2000.03.29 17:57 B C:\My Documents\Haven\domains\westwood\areas\monastery\room\branch.c <-- mud.entropymedia.com /disk/balishae/lib/domains/westwood/areas/monastery/room branch.c
2000.03.29 17:57 B C:\My Documents\Haven\domains\westwood\areas\monastery\room\branch2.c <-- mud.entropymedia.com /disk/balishae/lib/domains/westwood/areas/monastery/room branch2.c
2000.03.29 17:57 B C:\My Documents\Haven\domains\westwood\areas\monastery\room\class.c <-- mud.entropymedia.com /disk/balishae/lib/domains/westwood/areas/monastery/room class.c
2000.03.29 17:57 B C:\My Documents\Haven\domains\westwood\areas\monastery\room\ent.c <-- mud.entropymedia.com /disk/balishae/lib/domains/westwood/areas/monastery/room ent.c
2000.03.29 17:57 B C:\My Documents\Haven\domains\westwood\areas\monastery\room\garden_a.c <-- mud.entropymedia.com /disk/balishae/lib/domains/westwood/areas/monastery/room garden_a.c
2000.03.29 17:57 B C:\My Documents\Haven\domains\westwood\areas\monastery\room\garden_b.c <-- mud.entropymedia.com /disk/balishae/lib/domains/westwood/areas/monastery/room garden_b.c
2000.03.29 17:57 B C:\My Documents\Haven\domains\westwood\areas\monastery\room\garden_c.c <-- mud.entropymedia.com /disk/balishae/lib/domains/westwood/areas/monastery/room garden_c.c
2000.03.29 17:57 B C:\My Documents\Haven\domains\westwood\areas\monastery\room\garden_d.c <-- mud.entropymedia.com /disk/balishae/lib/domains/westwood/areas/monastery/room garden_d.c
2000.03.29 17:57 B C:\My Documents\Haven\domains\westwood\areas\monastery\room\gate.c <-- mud.entropymedia.com /disk/balishae/lib/domains/westwood/areas/monastery/room gate.c
2000.03.29 17:57 B C:\My Documents\Haven\domains\westwood\areas\monastery\room\ground_a.c <-- mud.entropymedia.com /disk/balishae/lib/domains/westwood/areas/monastery/room ground_a.c
2000.03.29 17:57 B C:\My Documents\Haven\domains\westwood\areas\monastery\room\ground_b.c <-- mud.entropymedia.com /disk/balishae/lib/domains/westwood/areas/monastery/room ground_b.c
2000.03.29 17:57 B C:\My Documents\Haven\domains\westwood\areas\monastery\room\ground_c.c <-- mud.entropymedia.com /disk/balishae/lib/domains/westwood/areas/monastery/room ground_c.c
2000.03.29 17:57 B C:\My Documents\Haven\domains\westwood\areas\monastery\room\ground_d.c <-- mud.entropymedia.com /disk/balishae/lib/domains/westwood/areas/monastery/room ground_d.c
2000.03.29 17:57 B C:\My Documents\Haven\domains\westwood\areas\monastery\room\ground_e.c <-- mud.entropymedia.com /disk/balishae/lib/domains/westwood/areas/monastery/room ground_e.c
2000.03.29 17:57 B C:\My Documents\Haven\domains\westwood\areas\monastery\room\ground_f.c <-- mud.entropymedia.com /disk/balishae/lib/domains/westwood/areas/monastery/room ground_f.c
2000.03.29 17:57 B C:\My Documents\Haven\domains\westwood\areas\monastery\room\lilac.c <-- mud.entropymedia.com /disk/balishae/lib/domains/westwood/areas/monastery/room lilac.c
2000.03.29 17:57 B C:\My Documents\Haven\domains\westwood\areas\monastery\room\path.c <-- mud.entropymedia.com /disk/balishae/lib/domains/westwood/areas/monastery/room path.c
2000.03.29 17:57 B C:\My Documents\Haven\domains\westwood\areas\monastery\room\plat_a.c <-- mud.entropymedia.com /disk/balishae/lib/domains/westwood/areas/monastery/room plat_a.c
2000.03.29 17:57 B C:\My Documents\Haven\domains\westwood\areas\monastery\room\plat_b.c <-- mud.entropymedia.com /disk/balishae/lib/domains/westwood/areas/monastery/room plat_b.c
2000.03.29 17:57 B C:\My Documents\Haven\domains\westwood\areas\monastery\room\plat_c.c <-- mud.entropymedia.com /disk/balishae/lib/domains/westwood/areas/monastery/room plat_c.c
2000.03.29 17:57 B C:\My Documents\Haven\domains\westwood\areas\monastery\room\plat_d.c <-- mud.entropymedia.com /disk/balishae/lib/domains/westwood/areas/monastery/room plat_d.c
2000.03.29 17:57 B C:\My Documents\Haven\domains\westwood\areas\monastery\room\plat_e.c <-- mud.entropymedia.com /disk/balishae/lib/domains/westwood/areas/monastery/room plat_e.c
2000.03.29 17:57 B C:\My Documents\Haven\domains\westwood\areas\monastery\room\plat_f.c <-- mud.entropymedia.com /disk/balishae/lib/domains/westwood/areas/monastery/room plat_f.c
2000.03.29 17:57 B C:\My Documents\Haven\domains\westwood\areas\monastery\room\plat_g.c <-- mud.entropymedia.com /disk/balishae/lib/domains/westwood/areas/monastery/room plat_g.c
2000.03.29 17:57 B C:\My Documents\Haven\domains\westwood\areas\monastery\room\plat_h.c <-- mud.entropymedia.com /disk/balishae/lib/domains/westwood/areas/monastery/room plat_h.c
2000.03.29 17:57 B C:\My Documents\Haven\domains\westwood\areas\monastery\room\plat_i.c <-- mud.entropymedia.com /disk/balishae/lib/domains/westwood/areas/monastery/room plat_i.c
2000.03.29 17:57 B C:\My Documents\Haven\domains\westwood\areas\monastery\room\ramp.c <-- mud.entropymedia.com /disk/balishae/lib/domains/westwood/areas/monastery/room ramp.c
2000.03.29 17:57 B C:\My Documents\Haven\domains\westwood\areas\monastery\room\someroom.c <-- mud.entropymedia.com /disk/balishae/lib/domains/westwood/areas/monastery/room someroom.c
2000.03.29 17:57 B C:\My Documents\Haven\domains\westwood\areas\monastery\room\tav_ecl.c <-- mud.entropymedia.com /disk/balishae/lib/domains/westwood/areas/monastery/room tav_ecl.c
2000.03.29 17:57 B C:\My Documents\Haven\domains\westwood\areas\monastery\room\tavern.c <-- mud.entropymedia.com /disk/balishae/lib/domains/westwood/areas/monastery/room tavern.c
2000.03.29 17:57 B C:\My Documents\Haven\domains\westwood\areas\monastery\room\temple.c <-- mud.entropymedia.com /disk/balishae/lib/domains/westwood/areas/monastery/room temple.c
2000.03.29 17:57 B C:\My Documents\Haven\domains\westwood\areas\monastery\room\templedoors.c <-- mud.entropymedia.com /disk/balishae/lib/domains/westwood/areas/monastery/room templedoors.c
2000.03.29 17:57 B C:\My Documents\Haven\domains\westwood\areas\monastery\room\tree_cd.c <-- mud.entropymedia.com /disk/balishae/lib/domains/westwood/areas/monastery/room tree_cd.c
2000.03.29 17:57 B C:\My Documents\Haven\domains\westwood\areas\monastery\room\tree_cu.c <-- mud.entropymedia.com /disk/balishae/lib/domains/westwood/areas/monastery/room tree_cu.c
2000.03.29 17:57 B C:\My Documents\Haven\domains\westwood\areas\monastery\room\treehouse.c <-- mud.entropymedia.com /disk/balishae/lib/domains/westwood/areas/monastery/room treehouse.c
