2000.03.29 17:57 B C:\My Documents\Haven\domains\westwood\areas\rooklair\obj\argonite.c <-- mud.entropymedia.com /disk/balishae/lib/domains/westwood/areas/rooklair/obj argonite.c
2000.03.29 17:57 B C:\My Documents\Haven\domains\westwood\areas\rooklair\obj\chain.c <-- mud.entropymedia.com /disk/balishae/lib/domains/westwood/areas/rooklair/obj chain.c
2000.03.29 17:57 B C:\My Documents\Haven\domains\westwood\areas\rooklair\obj\d_fish.c <-- mud.entropymedia.com /disk/balishae/lib/domains/westwood/areas/rooklair/obj d_fish.c
2000.03.29 17:57 B C:\My Documents\Haven\domains\westwood\areas\rooklair\obj\d_shark.c <-- mud.entropymedia.com /disk/balishae/lib/domains/westwood/areas/rooklair/obj d_shark.c
2000.03.29 17:57 B C:\My Documents\Haven\domains\westwood\areas\rooklair\obj\d_turtle.c <-- mud.entropymedia.com /disk/balishae/lib/domains/westwood/areas/rooklair/obj d_turtle.c
2000.03.29 17:57 B C:\My Documents\Haven\domains\westwood\areas\rooklair\obj\dagger.c <-- mud.entropymedia.com /disk/balishae/lib/domains/westwood/areas/rooklair/obj dagger.c
2000.03.29 17:57 B C:\My Documents\Haven\domains\westwood\areas\rooklair\obj\dark_cloak.bkp <-- mud.entropymedia.com /disk/balishae/lib/domains/westwood/areas/rooklair/obj dark_cloak.bkp
2000.03.29 17:57 B C:\My Documents\Haven\domains\westwood\areas\rooklair\obj\dark_cloak.c <-- mud.entropymedia.com /disk/balishae/lib/domains/westwood/areas/rooklair/obj dark_cloak.c
2000.03.29 17:57 B C:\My Documents\Haven\domains\westwood\areas\rooklair\obj\dart.c <-- mud.entropymedia.com /disk/balishae/lib/domains/westwood/areas/rooklair/obj dart.c
2000.03.29 17:57 B C:\My Documents\Haven\domains\westwood\areas\rooklair\obj\dragon_snake.c <-- mud.entropymedia.com /disk/balishae/lib/domains/westwood/areas/rooklair/obj dragon_snake.c
2000.03.29 17:57 B C:\My Documents\Haven\domains\westwood\areas\rooklair\obj\feather.c <-- mud.entropymedia.com /disk/balishae/lib/domains/westwood/areas/rooklair/obj feather.c
2000.03.29 17:57 B C:\My Documents\Haven\domains\westwood\areas\rooklair\obj\grail.c <-- mud.entropymedia.com /disk/balishae/lib/domains/westwood/areas/rooklair/obj grail.c
2000.03.29 17:57 B C:\My Documents\Haven\domains\westwood\areas\rooklair\obj\horn.c <-- mud.entropymedia.com /disk/balishae/lib/domains/westwood/areas/rooklair/obj horn.c
2000.03.29 17:57 B C:\My Documents\Haven\domains\westwood\areas\rooklair\obj\ignious.c <-- mud.entropymedia.com /disk/balishae/lib/domains/westwood/areas/rooklair/obj ignious.c
2000.03.29 17:57 B C:\My Documents\Haven\domains\westwood\areas\rooklair\obj\kragnite.c <-- mud.entropymedia.com /disk/balishae/lib/domains/westwood/areas/rooklair/obj kragnite.c
2000.03.29 17:57 B C:\My Documents\Haven\domains\westwood\areas\rooklair\obj\lucite.c <-- mud.entropymedia.com /disk/balishae/lib/domains/westwood/areas/rooklair/obj lucite.c
2000.03.29 17:57 B C:\My Documents\Haven\domains\westwood\areas\rooklair\obj\moss.c <-- mud.entropymedia.com /disk/balishae/lib/domains/westwood/areas/rooklair/obj moss.c
2000.03.29 17:57 B C:\My Documents\Haven\domains\westwood\areas\rooklair\obj\moss_blood.c <-- mud.entropymedia.com /disk/balishae/lib/domains/westwood/areas/rooklair/obj moss_blood.c
2000.03.29 17:57 B C:\My Documents\Haven\domains\westwood\areas\rooklair\obj\painting.c <-- mud.entropymedia.com /disk/balishae/lib/domains/westwood/areas/rooklair/obj painting.c
2000.03.29 17:57 B C:\My Documents\Haven\domains\westwood\areas\rooklair\obj\potion_ant.c <-- mud.entropymedia.com /disk/balishae/lib/domains/westwood/areas/rooklair/obj potion_ant.c
2000.03.29 17:57 B C:\My Documents\Haven\domains\westwood\areas\rooklair\obj\potion_hea.c <-- mud.entropymedia.com /disk/balishae/lib/domains/westwood/areas/rooklair/obj potion_hea.c
2000.03.29 17:57 B C:\My Documents\Haven\domains\westwood\areas\rooklair\obj\potion_poi.c <-- mud.entropymedia.com /disk/balishae/lib/domains/westwood/areas/rooklair/obj potion_poi.c
2000.03.29 17:57 B C:\My Documents\Haven\domains\westwood\areas\rooklair\obj\pouch.c <-- mud.entropymedia.com /disk/balishae/lib/domains/westwood/areas/rooklair/obj pouch.c
2000.03.29 17:57 B C:\My Documents\Haven\domains\westwood\areas\rooklair\obj\river.c <-- mud.entropymedia.com /disk/balishae/lib/domains/westwood/areas/rooklair/obj river.c
2000.03.29 17:57 B C:\My Documents\Haven\domains\westwood\areas\rooklair\obj\rope1.c <-- mud.entropymedia.com /disk/balishae/lib/domains/westwood/areas/rooklair/obj rope1.c
2000.03.29 17:57 B C:\My Documents\Haven\domains\westwood\areas\rooklair\obj\rope2.c <-- mud.entropymedia.com /disk/balishae/lib/domains/westwood/areas/rooklair/obj rope2.c
2000.03.29 17:57 B C:\My Documents\Haven\domains\westwood\areas\rooklair\obj\rope3.c <-- mud.entropymedia.com /disk/balishae/lib/domains/westwood/areas/rooklair/obj rope3.c
2000.03.29 17:57 B C:\My Documents\Haven\domains\westwood\areas\rooklair\obj\rope4.c <-- mud.entropymedia.com /disk/balishae/lib/domains/westwood/areas/rooklair/obj rope4.c
2000.03.29 17:58 B C:\My Documents\Haven\domains\westwood\areas\rooklair\obj\scroll.c <-- mud.entropymedia.com /disk/balishae/lib/domains/westwood/areas/rooklair/obj scroll.c
2000.03.29 17:58 B C:\My Documents\Haven\domains\westwood\areas\rooklair\obj\scroll_case.c <-- mud.entropymedia.com /disk/balishae/lib/domains/westwood/areas/rooklair/obj scroll_case.c
2000.03.29 17:58 B C:\My Documents\Haven\domains\westwood\areas\rooklair\obj\statuette.c <-- mud.entropymedia.com /disk/balishae/lib/domains/westwood/areas/rooklair/obj statuette.c
2000.03.29 17:58 B C:\My Documents\Haven\domains\westwood\areas\rooklair\obj\sword.c <-- mud.entropymedia.com /disk/balishae/lib/domains/westwood/areas/rooklair/obj sword.c
2000.03.29 17:58 B C:\My Documents\Haven\domains\westwood\areas\rooklair\obj\waterfall.c <-- mud.entropymedia.com /disk/balishae/lib/domains/westwood/areas/rooklair/obj waterfall.c
2000.03.29 17:58 B C:\My Documents\Haven\domains\westwood\areas\rooklair\obj\weapon.c <-- mud.entropymedia.com /disk/balishae/lib/domains/westwood/areas/rooklair/obj weapon.c
2000.03.29 17:58 B C:\My Documents\Haven\domains\westwood\areas\rooklair\obj\zap_wand.c <-- mud.entropymedia.com /disk/balishae/lib/domains/westwood/areas/rooklair/obj zap_wand.c
