2000.03.29 18:00 B C:\My Documents\Haven\domains\westwood\virtual\westwood\21,5.c <-- mud.entropymedia.com /disk/balishae/lib/domains/westwood/virtual/westwood 21,5.c
2000.03.29 18:00 B C:\My Documents\Haven\domains\westwood\virtual\westwood\21,6.c <-- mud.entropymedia.com /disk/balishae/lib/domains/westwood/virtual/westwood 21,6.c
2000.03.29 18:00 B C:\My Documents\Haven\domains\westwood\virtual\westwood\22,2.c <-- mud.entropymedia.com /disk/balishae/lib/domains/westwood/virtual/westwood 22,2.c
2000.03.29 18:00 B C:\My Documents\Haven\domains\westwood\virtual\westwood\22,3.c <-- mud.entropymedia.com /disk/balishae/lib/domains/westwood/virtual/westwood 22,3.c
2000.03.29 18:00 B C:\My Documents\Haven\domains\westwood\virtual\westwood\22,4.c <-- mud.entropymedia.com /disk/balishae/lib/domains/westwood/virtual/westwood 22,4.c
2000.03.29 18:00 B C:\My Documents\Haven\domains\westwood\virtual\westwood\22,5.c <-- mud.entropymedia.com /disk/balishae/lib/domains/westwood/virtual/westwood 22,5.c
2000.03.29 18:00 B C:\My Documents\Haven\domains\westwood\virtual\westwood\22,6.c <-- mud.entropymedia.com /disk/balishae/lib/domains/westwood/virtual/westwood 22,6.c
2000.03.29 18:00 B C:\My Documents\Haven\domains\westwood\virtual\westwood\22,8.c <-- mud.entropymedia.com /disk/balishae/lib/domains/westwood/virtual/westwood 22,8.c
2000.03.29 18:00 B C:\My Documents\Haven\domains\westwood\virtual\westwood\22,9.c <-- mud.entropymedia.com /disk/balishae/lib/domains/westwood/virtual/westwood 22,9.c
2000.03.29 18:00 B C:\My Documents\Haven\domains\westwood\virtual\westwood\23,0.c <-- mud.entropymedia.com /disk/balishae/lib/domains/westwood/virtual/westwood 23,0.c
2000.03.29 18:00 B C:\My Documents\Haven\domains\westwood\virtual\westwood\23,2.c <-- mud.entropymedia.com /disk/balishae/lib/domains/westwood/virtual/westwood 23,2.c
2000.03.29 18:00 B C:\My Documents\Haven\domains\westwood\virtual\westwood\23,6.c <-- mud.entropymedia.com /disk/balishae/lib/domains/westwood/virtual/westwood 23,6.c
2000.03.29 18:00 B C:\My Documents\Haven\domains\westwood\virtual\westwood\23,7.c <-- mud.entropymedia.com /disk/balishae/lib/domains/westwood/virtual/westwood 23,7.c
2000.03.29 18:00 B C:\My Documents\Haven\domains\westwood\virtual\westwood\23,8.c <-- mud.entropymedia.com /disk/balishae/lib/domains/westwood/virtual/westwood 23,8.c
2000.03.29 18:00 B C:\My Documents\Haven\domains\westwood\virtual\westwood\23,9.c <-- mud.entropymedia.com /disk/balishae/lib/domains/westwood/virtual/westwood 23,9.c
2000.03.29 18:00 B C:\My Documents\Haven\domains\westwood\virtual\westwood\24,0.c <-- mud.entropymedia.com /disk/balishae/lib/domains/westwood/virtual/westwood 24,0.c
2000.03.29 18:00 B C:\My Documents\Haven\domains\westwood\virtual\westwood\24,1.c <-- mud.entropymedia.com /disk/balishae/lib/domains/westwood/virtual/westwood 24,1.c
2000.03.29 18:01 B C:\My Documents\Haven\domains\westwood\virtual\westwood\24,10.c <-- mud.entropymedia.com /disk/balishae/lib/domains/westwood/virtual/westwood 24,10.c
2000.03.29 18:01 B C:\My Documents\Haven\domains\westwood\virtual\westwood\24,11.c <-- mud.entropymedia.com /disk/balishae/lib/domains/westwood/virtual/westwood 24,11.c
2000.03.29 18:01 B C:\My Documents\Haven\domains\westwood\virtual\westwood\24,16.c <-- mud.entropymedia.com /disk/balishae/lib/domains/westwood/virtual/westwood 24,16.c
2000.03.29 18:01 B C:\My Documents\Haven\domains\westwood\virtual\westwood\24,17.c <-- mud.entropymedia.com /disk/balishae/lib/domains/westwood/virtual/westwood 24,17.c
2000.03.29 18:01 B C:\My Documents\Haven\domains\westwood\virtual\westwood\24,2.c <-- mud.entropymedia.com /disk/balishae/lib/domains/westwood/virtual/westwood 24,2.c
2000.03.29 18:01 B C:\My Documents\Haven\domains\westwood\virtual\westwood\24,9.c <-- mud.entropymedia.com /disk/balishae/lib/domains/westwood/virtual/westwood 24,9.c
2000.03.29 18:01 B C:\My Documents\Haven\domains\westwood\virtual\westwood\25,12.c <-- mud.entropymedia.com /disk/balishae/lib/domains/westwood/virtual/westwood 25,12.c
2000.03.29 18:01 B C:\My Documents\Haven\domains\westwood\virtual\westwood\25,15.c <-- mud.entropymedia.com /disk/balishae/lib/domains/westwood/virtual/westwood 25,15.c
2000.03.29 18:01 B C:\My Documents\Haven\domains\westwood\virtual\westwood\25,18.c <-- mud.entropymedia.com /disk/balishae/lib/domains/westwood/virtual/westwood 25,18.c
2000.03.29 18:01 B C:\My Documents\Haven\domains\westwood\virtual\westwood\25,19.c <-- mud.entropymedia.com /disk/balishae/lib/domains/westwood/virtual/westwood 25,19.c
2000.03.29 18:01 B C:\My Documents\Haven\domains\westwood\virtual\westwood\25,20.c <-- mud.entropymedia.com /disk/balishae/lib/domains/westwood/virtual/westwood 25,20.c
2000.03.29 18:01 B C:\My Documents\Haven\domains\westwood\virtual\westwood\25,29.c <-- mud.entropymedia.com /disk/balishae/lib/domains/westwood/virtual/westwood 25,29.c
2000.03.29 18:01 B C:\My Documents\Haven\domains\westwood\virtual\westwood\26,13.c <-- mud.entropymedia.com /disk/balishae/lib/domains/westwood/virtual/westwood 26,13.c
2000.03.29 18:01 B C:\My Documents\Haven\domains\westwood\virtual\westwood\26,14.c <-- mud.entropymedia.com /disk/balishae/lib/domains/westwood/virtual/westwood 26,14.c
2000.03.29 18:01 B C:\My Documents\Haven\domains\westwood\virtual\westwood\26,21.c <-- mud.entropymedia.com /disk/balishae/lib/domains/westwood/virtual/westwood 26,21.c
2000.03.29 18:01 B C:\My Documents\Haven\domains\westwood\virtual\westwood\26,23.c <-- mud.entropymedia.com /disk/balishae/lib/domains/westwood/virtual/westwood 26,23.c
2000.03.29 18:01 B C:\My Documents\Haven\domains\westwood\virtual\westwood\26,24.c <-- mud.entropymedia.com /disk/balishae/lib/domains/westwood/virtual/westwood 26,24.c
2000.03.29 18:01 B C:\My Documents\Haven\domains\westwood\virtual\westwood\26,28.c <-- mud.entropymedia.com /disk/balishae/lib/domains/westwood/virtual/westwood 26,28.c
2000.03.29 18:01 B C:\My Documents\Haven\domains\westwood\virtual\westwood\27,22.c <-- mud.entropymedia.com /disk/balishae/lib/domains/westwood/virtual/westwood 27,22.c
2000.03.29 18:01 B C:\My Documents\Haven\domains\westwood\virtual\westwood\27,25.c <-- mud.entropymedia.com /disk/balishae/lib/domains/westwood/virtual/westwood 27,25.c
2000.03.29 18:01 B C:\My Documents\Haven\domains\westwood\virtual\westwood\27,26.c <-- mud.entropymedia.com /disk/balishae/lib/domains/westwood/virtual/westwood 27,26.c
2000.03.29 18:01 B C:\My Documents\Haven\domains\westwood\virtual\westwood\27,27.bkp <-- mud.entropymedia.com /disk/balishae/lib/domains/westwood/virtual/westwood 27,27.bkp
2000.03.29 18:01 B C:\My Documents\Haven\domains\westwood\virtual\westwood\27,27.c <-- mud.entropymedia.com /disk/balishae/lib/domains/westwood/virtual/westwood 27,27.c
2000.03.29 18:01 B C:\My Documents\Haven\domains\westwood\virtual\westwood\fish_a.c <-- mud.entropymedia.com /disk/balishae/lib/domains/westwood/virtual/westwood fish_a.c
2000.03.29 18:01 B C:\My Documents\Haven\domains\westwood\virtual\westwood\fish_a_meal.c <-- mud.entropymedia.com /disk/balishae/lib/domains/westwood/virtual/westwood fish_a_meal.c
2000.03.29 18:01 B C:\My Documents\Haven\domains\westwood\virtual\westwood\fish_b.c <-- mud.entropymedia.com /disk/balishae/lib/domains/westwood/virtual/westwood fish_b.c
2000.03.29 18:01 B C:\My Documents\Haven\domains\westwood\virtual\westwood\fish_b_meal.c <-- mud.entropymedia.com /disk/balishae/lib/domains/westwood/virtual/westwood fish_b_meal.c
2000.03.29 18:01 B C:\My Documents\Haven\domains\westwood\virtual\westwood\lake_inheritable.c <-- mud.entropymedia.com /disk/balishae/lib/domains/westwood/virtual/westwood lake_inheritable.c
2000.03.29 18:02 B C:\My Documents\Haven\domains\westwood\virtual\westwood\p_house_1.c <-- mud.entropymedia.com /disk/balishae/lib/domains/westwood/virtual/westwood p_house_1.c
2000.03.29 18:02 B C:\My Documents\Haven\domains\westwood\virtual\westwood\p_house_2.c <-- mud.entropymedia.com /disk/balishae/lib/domains/westwood/virtual/westwood p_house_2.c
2000.03.29 18:02 B C:\My Documents\Haven\domains\westwood\virtual\westwood\p_house_3.c <-- mud.entropymedia.com /disk/balishae/lib/domains/westwood/virtual/westwood p_house_3.c
2000.03.29 18:02 B C:\My Documents\Haven\domains\westwood\virtual\westwood\p_house_4.c <-- mud.entropymedia.com /disk/balishae/lib/domains/westwood/virtual/westwood p_house_4.c
2000.03.29 18:02 B C:\My Documents\Haven\domains\westwood\virtual\westwood\p_house_5.c <-- mud.entropymedia.com /disk/balishae/lib/domains/westwood/virtual/westwood p_house_5.c
2000.03.29 18:02 B C:\My Documents\Haven\domains\westwood\virtual\westwood\p_inn.c <-- mud.entropymedia.com /disk/balishae/lib/domains/westwood/virtual/westwood p_inn.c
2000.03.29 18:02 B C:\My Documents\Haven\domains\westwood\virtual\westwood\river_inheritable.c <-- mud.entropymedia.com /disk/balishae/lib/domains/westwood/virtual/westwood river_inheritable.c
