2000.03.29 17:55 B C:\My Documents\Haven\domains\westwood\areas\hiker\room\cabin.c <-- mud.entropymedia.com /disk/balishae/lib/domains/westwood/areas/hiker/room cabin.c
2000.03.29 17:55 B C:\My Documents\Haven\domains\westwood\areas\hiker\room\cabin_dr.c <-- mud.entropymedia.com /disk/balishae/lib/domains/westwood/areas/hiker/room cabin_dr.c
2000.03.29 17:55 B C:\My Documents\Haven\domains\westwood\areas\hiker\room\campfire.c <-- mud.entropymedia.com /disk/balishae/lib/domains/westwood/areas/hiker/room campfire.c
2000.03.29 17:55 B C:\My Documents\Haven\domains\westwood\areas\hiker\room\intrees.c <-- mud.entropymedia.com /disk/balishae/lib/domains/westwood/areas/hiker/room intrees.c
2000.03.29 17:55 B C:\My Documents\Haven\domains\westwood\areas\hiker\room\loft.c <-- mud.entropymedia.com /disk/balishae/lib/domains/westwood/areas/hiker/room loft.c
2000.03.29 17:55 B C:\My Documents\Haven\domains\westwood\areas\hiker\room\log.c <-- mud.entropymedia.com /disk/balishae/lib/domains/westwood/areas/hiker/room log.c
2000.03.29 17:55 B C:\My Documents\Haven\domains\westwood\areas\hiker\room\log_d.c <-- mud.entropymedia.com /disk/balishae/lib/domains/westwood/areas/hiker/room log_d.c
2000.03.29 17:55 B C:\My Documents\Haven\domains\westwood\areas\hiker\room\log_u.c <-- mud.entropymedia.com /disk/balishae/lib/domains/westwood/areas/hiker/room log_u.c
2000.03.29 17:55 B C:\My Documents\Haven\domains\westwood\areas\hiker\room\meadow_1.c <-- mud.entropymedia.com /disk/balishae/lib/domains/westwood/areas/hiker/room meadow_1.c
2000.03.29 17:55 B C:\My Documents\Haven\domains\westwood\areas\hiker\room\meadow_2.c <-- mud.entropymedia.com /disk/balishae/lib/domains/westwood/areas/hiker/room meadow_2.c
2000.03.29 17:55 B C:\My Documents\Haven\domains\westwood\areas\hiker\room\meadow_3.c <-- mud.entropymedia.com /disk/balishae/lib/domains/westwood/areas/hiker/room meadow_3.c
2000.03.29 17:55 B C:\My Documents\Haven\domains\westwood\areas\hiker\room\meadow_4.c <-- mud.entropymedia.com /disk/balishae/lib/domains/westwood/areas/hiker/room meadow_4.c
2000.03.29 17:55 B C:\My Documents\Haven\domains\westwood\areas\hiker\room\meadow_5.c <-- mud.entropymedia.com /disk/balishae/lib/domains/westwood/areas/hiker/room meadow_5.c
2000.03.29 17:55 B C:\My Documents\Haven\domains\westwood\areas\hiker\room\meadow_6.c <-- mud.entropymedia.com /disk/balishae/lib/domains/westwood/areas/hiker/room meadow_6.c
2000.03.29 17:55 B C:\My Documents\Haven\domains\westwood\areas\hiker\room\meadow_7.c <-- mud.entropymedia.com /disk/balishae/lib/domains/westwood/areas/hiker/room meadow_7.c
2000.03.29 17:55 B C:\My Documents\Haven\domains\westwood\areas\hiker\room\meadow_8.c <-- mud.entropymedia.com /disk/balishae/lib/domains/westwood/areas/hiker/room meadow_8.c
2000.03.29 17:55 B C:\My Documents\Haven\domains\westwood\areas\hiker\room\meadow_9.c <-- mud.entropymedia.com /disk/balishae/lib/domains/westwood/areas/hiker/room meadow_9.c
2000.03.29 17:55 B C:\My Documents\Haven\domains\westwood\areas\hiker\room\porch.c <-- mud.entropymedia.com /disk/balishae/lib/domains/westwood/areas/hiker/room porch.c
2000.03.29 17:55 B C:\My Documents\Haven\domains\westwood\areas\hiker\room\shortcut.c <-- mud.entropymedia.com /disk/balishae/lib/domains/westwood/areas/hiker/room shortcut.c
2000.03.29 17:56 B C:\My Documents\Haven\domains\westwood\areas\hiker\room\spiderr.c <-- mud.entropymedia.com /disk/balishae/lib/domains/westwood/areas/hiker/room spiderr.c
2000.03.29 17:56 B C:\My Documents\Haven\domains\westwood\areas\hiker\room\stagroom.c <-- mud.entropymedia.com /disk/balishae/lib/domains/westwood/areas/hiker/room stagroom.c
2000.03.29 17:56 B C:\My Documents\Haven\domains\westwood\areas\hiker\room\stream.c <-- mud.entropymedia.com /disk/balishae/lib/domains/westwood/areas/hiker/room stream.c
2000.03.29 17:56 B C:\My Documents\Haven\domains\westwood\areas\hiker\room\tent_bl.c <-- mud.entropymedia.com /disk/balishae/lib/domains/westwood/areas/hiker/room tent_bl.c
2000.03.29 17:56 B C:\My Documents\Haven\domains\westwood\areas\hiker\room\tent_br.c <-- mud.entropymedia.com /disk/balishae/lib/domains/westwood/areas/hiker/room tent_br.c
2000.03.29 17:56 B C:\My Documents\Haven\domains\westwood\areas\hiker\room\trail_01.c <-- mud.entropymedia.com /disk/balishae/lib/domains/westwood/areas/hiker/room trail_01.c
2000.03.29 17:56 B C:\My Documents\Haven\domains\westwood\areas\hiker\room\trail_02.c <-- mud.entropymedia.com /disk/balishae/lib/domains/westwood/areas/hiker/room trail_02.c
2000.03.29 17:56 B C:\My Documents\Haven\domains\westwood\areas\hiker\room\trail_03.c <-- mud.entropymedia.com /disk/balishae/lib/domains/westwood/areas/hiker/room trail_03.c
2000.03.29 17:56 B C:\My Documents\Haven\domains\westwood\areas\hiker\room\trail_04.c <-- mud.entropymedia.com /disk/balishae/lib/domains/westwood/areas/hiker/room trail_04.c
2000.03.29 17:56 B C:\My Documents\Haven\domains\westwood\areas\hiker\room\trail_05.c <-- mud.entropymedia.com /disk/balishae/lib/domains/westwood/areas/hiker/room trail_05.c
2000.03.29 17:56 B C:\My Documents\Haven\domains\westwood\areas\hiker\room\trail_06.c <-- mud.entropymedia.com /disk/balishae/lib/domains/westwood/areas/hiker/room trail_06.c
2000.03.29 17:56 B C:\My Documents\Haven\domains\westwood\areas\hiker\room\trail_07.c <-- mud.entropymedia.com /disk/balishae/lib/domains/westwood/areas/hiker/room trail_07.c
2000.03.29 17:56 B C:\My Documents\Haven\domains\westwood\areas\hiker\room\trail_08.c <-- mud.entropymedia.com /disk/balishae/lib/domains/westwood/areas/hiker/room trail_08.c
2000.03.29 17:56 B C:\My Documents\Haven\domains\westwood\areas\hiker\room\trail_09.c <-- mud.entropymedia.com /disk/balishae/lib/domains/westwood/areas/hiker/room trail_09.c
2000.03.29 17:56 B C:\My Documents\Haven\domains\westwood\areas\hiker\room\trail_10.c <-- mud.entropymedia.com /disk/balishae/lib/domains/westwood/areas/hiker/room trail_10.c
2000.03.29 17:56 B C:\My Documents\Haven\domains\westwood\areas\hiker\room\trail_11.c <-- mud.entropymedia.com /disk/balishae/lib/domains/westwood/areas/hiker/room trail_11.c
2000.03.29 17:56 B C:\My Documents\Haven\domains\westwood\areas\hiker\room\trail_12.c <-- mud.entropymedia.com /disk/balishae/lib/domains/westwood/areas/hiker/room trail_12.c
2000.03.29 17:56 B C:\My Documents\Haven\domains\westwood\areas\hiker\room\trail_13.c <-- mud.entropymedia.com /disk/balishae/lib/domains/westwood/areas/hiker/room trail_13.c
2000.03.29 17:56 B C:\My Documents\Haven\domains\westwood\areas\hiker\room\trail_14.c <-- mud.entropymedia.com /disk/balishae/lib/domains/westwood/areas/hiker/room trail_14.c
2000.03.29 17:56 B C:\My Documents\Haven\domains\westwood\areas\hiker\room\trail_15.c <-- mud.entropymedia.com /disk/balishae/lib/domains/westwood/areas/hiker/room trail_15.c
2000.03.29 17:56 B C:\My Documents\Haven\domains\westwood\areas\hiker\room\trail_16.c <-- mud.entropymedia.com /disk/balishae/lib/domains/westwood/areas/hiker/room trail_16.c
2000.03.29 17:56 B C:\My Documents\Haven\domains\westwood\areas\hiker\room\trailhead.c <-- mud.entropymedia.com /disk/balishae/lib/domains/westwood/areas/hiker/room trailhead.c
2000.03.29 17:56 B C:\My Documents\Haven\domains\westwood\areas\hiker\room\water.c <-- mud.entropymedia.com /disk/balishae/lib/domains/westwood/areas/hiker/room water.c
