2000.03.29 17:55 B C:\My Documents\Haven\domains\westwood\areas\hiker\obj\antlers.c <-- mud.entropymedia.com /disk/balishae/lib/domains/westwood/areas/hiker/obj antlers.c
2000.03.29 17:55 B C:\My Documents\Haven\domains\westwood\areas\hiker\obj\approval <-- mud.entropymedia.com /disk/balishae/lib/domains/westwood/areas/hiker/obj approval
2000.03.29 17:55 B C:\My Documents\Haven\domains\westwood\areas\hiker\obj\babyclaw.c <-- mud.entropymedia.com /disk/balishae/lib/domains/westwood/areas/hiker/obj babyclaw.c
2000.03.29 17:55 B C:\My Documents\Haven\domains\westwood\areas\hiker\obj\babypelt.c <-- mud.entropymedia.com /disk/balishae/lib/domains/westwood/areas/hiker/obj babypelt.c
2000.03.29 17:55 B C:\My Documents\Haven\domains\westwood\areas\hiker\obj\backpack.c <-- mud.entropymedia.com /disk/balishae/lib/domains/westwood/areas/hiker/obj backpack.c
2000.03.29 17:55 B C:\My Documents\Haven\domains\westwood\areas\hiker\obj\basket.c <-- mud.entropymedia.com /disk/balishae/lib/domains/westwood/areas/hiker/obj basket.c
2000.03.29 17:55 B C:\My Documents\Haven\domains\westwood\areas\hiker\obj\bearclaw.c <-- mud.entropymedia.com /disk/balishae/lib/domains/westwood/areas/hiker/obj bearclaw.c
2000.03.29 17:55 B C:\My Documents\Haven\domains\westwood\areas\hiker\obj\bearpelt.c <-- mud.entropymedia.com /disk/balishae/lib/domains/westwood/areas/hiker/obj bearpelt.c
2000.03.29 17:55 B C:\My Documents\Haven\domains\westwood\areas\hiker\obj\belt.c <-- mud.entropymedia.com /disk/balishae/lib/domains/westwood/areas/hiker/obj belt.c
2000.03.29 17:55 B C:\My Documents\Haven\domains\westwood\areas\hiker\obj\blueberries.c <-- mud.entropymedia.com /disk/balishae/lib/domains/westwood/areas/hiker/obj blueberries.c
2000.03.29 17:55 B C:\My Documents\Haven\domains\westwood\areas\hiker\obj\blueleaf.c <-- mud.entropymedia.com /disk/balishae/lib/domains/westwood/areas/hiker/obj blueleaf.c
2000.03.29 17:55 B C:\My Documents\Haven\domains\westwood\areas\hiker\obj\bookg.c <-- mud.entropymedia.com /disk/balishae/lib/domains/westwood/areas/hiker/obj bookg.c
2000.03.29 17:55 B C:\My Documents\Haven\domains\westwood\areas\hiker\obj\boot1.c <-- mud.entropymedia.com /disk/balishae/lib/domains/westwood/areas/hiker/obj boot1.c
2000.03.29 17:55 B C:\My Documents\Haven\domains\westwood\areas\hiker\obj\boot2.c <-- mud.entropymedia.com /disk/balishae/lib/domains/westwood/areas/hiker/obj boot2.c
2000.03.29 17:55 B C:\My Documents\Haven\domains\westwood\areas\hiker\obj\boots.c <-- mud.entropymedia.com /disk/balishae/lib/domains/westwood/areas/hiker/obj boots.c
2000.03.29 17:55 B C:\My Documents\Haven\domains\westwood\areas\hiker\obj\bottle.c <-- mud.entropymedia.com /disk/balishae/lib/domains/westwood/areas/hiker/obj bottle.c
2000.03.29 17:55 B C:\My Documents\Haven\domains\westwood\areas\hiker\obj\branch.c <-- mud.entropymedia.com /disk/balishae/lib/domains/westwood/areas/hiker/obj branch.c
2000.03.29 17:55 B C:\My Documents\Haven\domains\westwood\areas\hiker\obj\coffee.c <-- mud.entropymedia.com /disk/balishae/lib/domains/westwood/areas/hiker/obj coffee.c
2000.03.29 17:55 B C:\My Documents\Haven\domains\westwood\areas\hiker\obj\doehoof.c <-- mud.entropymedia.com /disk/balishae/lib/domains/westwood/areas/hiker/obj doehoof.c
2000.03.29 17:55 B C:\My Documents\Haven\domains\westwood\areas\hiker\obj\doepelt.c <-- mud.entropymedia.com /disk/balishae/lib/domains/westwood/areas/hiker/obj doepelt.c
2000.03.29 17:55 B C:\My Documents\Haven\domains\westwood\areas\hiker\obj\fisha.c <-- mud.entropymedia.com /disk/balishae/lib/domains/westwood/areas/hiker/obj fisha.c
2000.03.29 17:55 B C:\My Documents\Haven\domains\westwood\areas\hiker\obj\fishb.c <-- mud.entropymedia.com /disk/balishae/lib/domains/westwood/areas/hiker/obj fishb.c
2000.03.29 17:55 B C:\My Documents\Haven\domains\westwood\areas\hiker\obj\fishera.c <-- mud.entropymedia.com /disk/balishae/lib/domains/westwood/areas/hiker/obj fishera.c
2000.03.29 17:55 B C:\My Documents\Haven\domains\westwood\areas\hiker\obj\fisherb.c <-- mud.entropymedia.com /disk/balishae/lib/domains/westwood/areas/hiker/obj fisherb.c
2000.03.29 17:55 B C:\My Documents\Haven\domains\westwood\areas\hiker\obj\fknife.c <-- mud.entropymedia.com /disk/balishae/lib/domains/westwood/areas/hiker/obj fknife.c
2000.03.29 17:55 B C:\My Documents\Haven\domains\westwood\areas\hiker\obj\flannel.c <-- mud.entropymedia.com /disk/balishae/lib/domains/westwood/areas/hiker/obj flannel.c
2000.03.29 17:55 B C:\My Documents\Haven\domains\westwood\areas\hiker\obj\fpole.c <-- mud.entropymedia.com /disk/balishae/lib/domains/westwood/areas/hiker/obj fpole.c
2000.03.29 17:55 B C:\My Documents\Haven\domains\westwood\areas\hiker\obj\fruit.c <-- mud.entropymedia.com /disk/balishae/lib/domains/westwood/areas/hiker/obj fruit.c
2000.03.29 17:55 B C:\My Documents\Haven\domains\westwood\areas\hiker\obj\grubfood.c <-- mud.entropymedia.com /disk/balishae/lib/domains/westwood/areas/hiker/obj grubfood.c
2000.03.29 17:55 B C:\My Documents\Haven\domains\westwood\areas\hiker\obj\juice.c <-- mud.entropymedia.com /disk/balishae/lib/domains/westwood/areas/hiker/obj juice.c
2000.03.29 17:55 B C:\My Documents\Haven\domains\westwood\areas\hiker\obj\kit.c <-- mud.entropymedia.com /disk/balishae/lib/domains/westwood/areas/hiker/obj kit.c
2000.03.29 17:55 B C:\My Documents\Haven\domains\westwood\areas\hiker\obj\knife.c <-- mud.entropymedia.com /disk/balishae/lib/domains/westwood/areas/hiker/obj knife.c
2000.03.29 17:55 B C:\My Documents\Haven\domains\westwood\areas\hiker\obj\knuckles.c <-- mud.entropymedia.com /disk/balishae/lib/domains/westwood/areas/hiker/obj knuckles.c
2000.03.29 17:55 B C:\My Documents\Haven\domains\westwood\areas\hiker\obj\lantern.c <-- mud.entropymedia.com /disk/balishae/lib/domains/westwood/areas/hiker/obj lantern.c
2000.03.29 17:55 B C:\My Documents\Haven\domains\westwood\areas\hiker\obj\longbow.c <-- mud.entropymedia.com /disk/balishae/lib/domains/westwood/areas/hiker/obj longbow.c
2000.03.29 17:55 B C:\My Documents\Haven\domains\westwood\areas\hiker\obj\mat.c <-- mud.entropymedia.com /disk/balishae/lib/domains/westwood/areas/hiker/obj mat.c
2000.03.29 17:55 B C:\My Documents\Haven\domains\westwood\areas\hiker\obj\pail.c <-- mud.entropymedia.com /disk/balishae/lib/domains/westwood/areas/hiker/obj pail.c
2000.03.29 17:55 B C:\My Documents\Haven\domains\westwood\areas\hiker\obj\pants.c <-- mud.entropymedia.com /disk/balishae/lib/domains/westwood/areas/hiker/obj pants.c
2000.03.29 17:55 B C:\My Documents\Haven\domains\westwood\areas\hiker\obj\pjs.c <-- mud.entropymedia.com /disk/balishae/lib/domains/westwood/areas/hiker/obj pjs.c
2000.03.29 17:55 B C:\My Documents\Haven\domains\westwood\areas\hiker\obj\sac.c <-- mud.entropymedia.com /disk/balishae/lib/domains/westwood/areas/hiker/obj sac.c
2000.03.29 17:55 B C:\My Documents\Haven\domains\westwood\areas\hiker\obj\sandwich.c <-- mud.entropymedia.com /disk/balishae/lib/domains/westwood/areas/hiker/obj sandwich.c
2000.03.29 17:55 B C:\My Documents\Haven\domains\westwood\areas\hiker\obj\shirt.c <-- mud.entropymedia.com /disk/balishae/lib/domains/westwood/areas/hiker/obj shirt.c
2000.03.29 17:55 B C:\My Documents\Haven\domains\westwood\areas\hiker\obj\shorts.c <-- mud.entropymedia.com /disk/balishae/lib/domains/westwood/areas/hiker/obj shorts.c
2000.03.29 17:55 B C:\My Documents\Haven\domains\westwood\areas\hiker\obj\sign.c <-- mud.entropymedia.com /disk/balishae/lib/domains/westwood/areas/hiker/obj sign.c
2000.03.29 17:55 B C:\My Documents\Haven\domains\westwood\areas\hiker\obj\snack.c <-- mud.entropymedia.com /disk/balishae/lib/domains/westwood/areas/hiker/obj snack.c
2000.03.29 17:55 B C:\My Documents\Haven\domains\westwood\areas\hiker\obj\stick.c <-- mud.entropymedia.com /disk/balishae/lib/domains/westwood/areas/hiker/obj stick.c
2000.03.29 17:55 B C:\My Documents\Haven\domains\westwood\areas\hiker\obj\strawhat.c <-- mud.entropymedia.com /disk/balishae/lib/domains/westwood/areas/hiker/obj strawhat.c
2000.03.29 17:55 B C:\My Documents\Haven\domains\westwood\areas\hiker\obj\swim.c <-- mud.entropymedia.com /disk/balishae/lib/domains/westwood/areas/hiker/obj swim.c
2000.03.29 17:55 B C:\My Documents\Haven\domains\westwood\areas\hiker\obj\tablec.c <-- mud.entropymedia.com /disk/balishae/lib/domains/westwood/areas/hiker/obj tablec.c
2000.03.29 17:55 B C:\My Documents\Haven\domains\westwood\areas\hiker\obj\tee.c <-- mud.entropymedia.com /disk/balishae/lib/domains/westwood/areas/hiker/obj tee.c
2000.03.29 17:55 B C:\My Documents\Haven\domains\westwood\areas\hiker\obj\tentbad.c <-- mud.entropymedia.com /disk/balishae/lib/domains/westwood/areas/hiker/obj tentbad.c
2000.03.29 17:55 B C:\My Documents\Haven\domains\westwood\areas\hiker\obj\tentmade.c <-- mud.entropymedia.com /disk/balishae/lib/domains/westwood/areas/hiker/obj tentmade.c
2000.03.29 17:55 B C:\My Documents\Haven\domains\westwood\areas\hiker\obj\tentset.c <-- mud.entropymedia.com /disk/balishae/lib/domains/westwood/areas/hiker/obj tentset.c
2000.03.29 17:55 B C:\My Documents\Haven\domains\westwood\areas\hiker\obj\visor.c <-- mud.entropymedia.com /disk/balishae/lib/domains/westwood/areas/hiker/obj visor.c
2000.03.29 17:55 B C:\My Documents\Haven\domains\westwood\areas\hiker\obj\walkpole.c <-- mud.entropymedia.com /disk/balishae/lib/domains/westwood/areas/hiker/obj walkpole.c
2000.03.29 17:55 B C:\My Documents\Haven\domains\westwood\areas\hiker\obj\wantlers.c <-- mud.entropymedia.com /disk/balishae/lib/domains/westwood/areas/hiker/obj wantlers.c
2000.03.29 17:55 B C:\My Documents\Haven\domains\westwood\areas\hiker\obj\windbrk.c <-- mud.entropymedia.com /disk/balishae/lib/domains/westwood/areas/hiker/obj windbrk.c
2000.03.29 17:55 B C:\My Documents\Haven\domains\westwood\areas\hiker\obj\wstgpelt.c <-- mud.entropymedia.com /disk/balishae/lib/domains/westwood/areas/hiker/obj wstgpelt.c
2004.07.11 15:06 B C:\Documents and Settings\Administrator\My Documents\haven\westwood\areas\hiker\obj\ws_ftp.log <-- duuk /realms/amelia/westwood/areas/hiker/obj ws_ftp.log
2004.07.11 15:06 B C:\Documents and Settings\Administrator\My Documents\haven\westwood\areas\hiker\obj\wstgpelt.c <-- duuk /realms/amelia/westwood/areas/hiker/obj wstgpelt.c
2004.08.08 20:39 B C:\Documents and Settings\Administrator\My Documents\haven\westwood\areas\hiker\obj\antlers.c --> duuk.com /realms/amelia/westwood/areas/hiker antlers.c
2004.08.08 20:39 B C:\Documents and Settings\Administrator\My Documents\haven\westwood\areas\hiker\obj\babyclaw.c --> duuk.com /realms/amelia/westwood/areas/hiker babyclaw.c
2004.08.08 20:39 B C:\Documents and Settings\Administrator\My Documents\haven\westwood\areas\hiker\obj\babypelt.c --> duuk.com /realms/amelia/westwood/areas/hiker babypelt.c
2004.08.08 20:39 B C:\Documents and Settings\Administrator\My Documents\haven\westwood\areas\hiker\obj\basket.c --> duuk.com /realms/amelia/westwood/areas/hiker basket.c
2004.08.08 20:39 B C:\Documents and Settings\Administrator\My Documents\haven\westwood\areas\hiker\obj\bearclaw.c --> duuk.com /realms/amelia/westwood/areas/hiker bearclaw.c
2004.08.08 20:39 B C:\Documents and Settings\Administrator\My Documents\haven\westwood\areas\hiker\obj\bearpelt.c --> duuk.com /realms/amelia/westwood/areas/hiker bearpelt.c
2004.08.08 20:39 B C:\Documents and Settings\Administrator\My Documents\haven\westwood\areas\hiker\obj\belt.c --> duuk.com /realms/amelia/westwood/areas/hiker belt.c
2004.08.08 20:40 B C:\Documents and Settings\Administrator\My Documents\haven\westwood\areas\hiker\obj\blueberries.c --> duuk.com /realms/amelia/westwood/areas/hiker blueberries.c
2004.08.08 20:40 B C:\Documents and Settings\Administrator\My Documents\haven\westwood\areas\hiker\obj\babyclaw.c <-- duuk /realms/amelia/westwood/areas/hiker/obj babyclaw.c
2004.08.08 20:40 B C:\Documents and Settings\Administrator\My Documents\haven\westwood\areas\hiker\obj\bearclaw.c <-- duuk /realms/amelia/westwood/areas/hiker/obj bearclaw.c
2004.08.08 20:40 B C:\Documents and Settings\Administrator\My Documents\haven\westwood\areas\hiker\obj\belt.c <-- duuk /realms/amelia/westwood/areas/hiker/obj belt.c
2004.08.08 20:40 B C:\Documents and Settings\Administrator\My Documents\haven\westwood\areas\hiker\obj\boots.c <-- duuk /realms/amelia/westwood/areas/hiker/obj boots.c
2004.08.08 20:40 B C:\Documents and Settings\Administrator\My Documents\haven\westwood\areas\hiker\obj\flannel.c <-- duuk /realms/amelia/westwood/areas/hiker/obj flannel.c
2004.08.08 20:40 B C:\Documents and Settings\Administrator\My Documents\haven\westwood\areas\hiker\obj\medium_belt.c <-- duuk /realms/amelia/westwood/areas/hiker/obj medium_belt.c
2004.08.08 20:40 B C:\Documents and Settings\Administrator\My Documents\haven\westwood\areas\hiker\obj\medium_boots.c <-- duuk /realms/amelia/westwood/areas/hiker/obj medium_boots.c
2004.08.08 20:40 B C:\Documents and Settings\Administrator\My Documents\haven\westwood\areas\hiker\obj\medium_flannel.c <-- duuk /realms/amelia/westwood/areas/hiker/obj medium_flannel.c
2004.08.08 20:40 B C:\Documents and Settings\Administrator\My Documents\haven\westwood\areas\hiker\obj\medium_pants.c <-- duuk /realms/amelia/westwood/areas/hiker/obj medium_pants.c
2004.08.08 20:40 B C:\Documents and Settings\Administrator\My Documents\haven\westwood\areas\hiker\obj\medium_shirt.c <-- duuk /realms/amelia/westwood/areas/hiker/obj medium_shirt.c
2004.08.08 20:40 B C:\Documents and Settings\Administrator\My Documents\haven\westwood\areas\hiker\obj\medium_shorts.c <-- duuk /realms/amelia/westwood/areas/hiker/obj medium_shorts.c
2004.08.08 21:06 B C:\Documents and Settings\Administrator\My Documents\haven\westwood\areas\hiker\obj\medium_tee.c <-- duuk /realms/amelia/westwood/areas/hiker/obj medium_tee.c
2004.08.08 21:06 B C:\Documents and Settings\Administrator\My Documents\haven\westwood\areas\hiker\obj\medium_visor.c <-- duuk /realms/amelia/westwood/areas/hiker/obj medium_visor.c
2004.08.08 21:06 B C:\Documents and Settings\Administrator\My Documents\haven\westwood\areas\hiker\obj\mediumpjs.c <-- duuk /realms/amelia/westwood/areas/hiker/obj mediumpjs.c
2004.08.08 21:06 B C:\Documents and Settings\Administrator\My Documents\haven\westwood\areas\hiker\obj\antlers.c --> duuk.com /realms/amelia/westwood/areas/hiker/obj antlers.c
2004.08.08 21:06 B C:\Documents and Settings\Administrator\My Documents\haven\westwood\areas\hiker\obj\approval --> duuk.com /realms/amelia/westwood/areas/hiker/obj approval
2004.08.08 21:06 B C:\Documents and Settings\Administrator\My Documents\haven\westwood\areas\hiker\obj\babyclaw.c --> duuk.com /realms/amelia/westwood/areas/hiker/obj babyclaw.c
2004.08.08 21:07 B C:\Documents and Settings\Administrator\My Documents\haven\westwood\areas\hiker\obj\babypelt.c --> duuk.com /realms/amelia/westwood/areas/hiker/obj babypelt.c
2004.08.08 21:07 B C:\Documents and Settings\Administrator\My Documents\haven\westwood\areas\hiker\obj\backpack.c --> duuk.com /realms/amelia/westwood/areas/hiker/obj backpack.c
2004.08.08 21:07 B C:\Documents and Settings\Administrator\My Documents\haven\westwood\areas\hiker\obj\bansuri.txt --> duuk.com /realms/amelia/westwood/areas/hiker/obj bansuri.txt
2004.08.08 21:07 B C:\Documents and Settings\Administrator\My Documents\haven\westwood\areas\hiker\obj\basket.c --> duuk.com /realms/amelia/westwood/areas/hiker/obj basket.c
2004.08.08 21:07 B C:\Documents and Settings\Administrator\My Documents\haven\westwood\areas\hiker\obj\bearclaw.c --> duuk.com /realms/amelia/westwood/areas/hiker/obj bearclaw.c
2004.08.08 21:07 B C:\Documents and Settings\Administrator\My Documents\haven\westwood\areas\hiker\obj\bearpelt.c --> duuk.com /realms/amelia/westwood/areas/hiker/obj bearpelt.c
2004.08.08 21:07 B C:\Documents and Settings\Administrator\My Documents\haven\westwood\areas\hiker\obj\belt.c --> duuk.com /realms/amelia/westwood/areas/hiker/obj belt.c
2004.08.08 21:07 B C:\Documents and Settings\Administrator\My Documents\haven\westwood\areas\hiker\obj\blueberries.c --> duuk.com /realms/amelia/westwood/areas/hiker/obj blueberries.c
2004.08.08 21:07 B C:\Documents and Settings\Administrator\My Documents\haven\westwood\areas\hiker\obj\blueleaf.c --> duuk.com /realms/amelia/westwood/areas/hiker/obj blueleaf.c
2004.08.08 21:07 B C:\Documents and Settings\Administrator\My Documents\haven\westwood\areas\hiker\obj\bookg.c --> duuk.com /realms/amelia/westwood/areas/hiker/obj bookg.c
2004.08.08 21:07 B C:\Documents and Settings\Administrator\My Documents\haven\westwood\areas\hiker\obj\boot1.c --> duuk.com /realms/amelia/westwood/areas/hiker/obj boot1.c
2004.08.08 21:07 B C:\Documents and Settings\Administrator\My Documents\haven\westwood\areas\hiker\obj\boot2.c --> duuk.com /realms/amelia/westwood/areas/hiker/obj boot2.c
2004.08.08 21:07 B C:\Documents and Settings\Administrator\My Documents\haven\westwood\areas\hiker\obj\boots.c --> duuk.com /realms/amelia/westwood/areas/hiker/obj boots.c
2004.08.08 21:07 B C:\Documents and Settings\Administrator\My Documents\haven\westwood\areas\hiker\obj\bottle.c --> duuk.com /realms/amelia/westwood/areas/hiker/obj bottle.c
2004.08.08 21:07 B C:\Documents and Settings\Administrator\My Documents\haven\westwood\areas\hiker\obj\branch.c --> duuk.com /realms/amelia/westwood/areas/hiker/obj branch.c
2004.08.08 21:07 B C:\Documents and Settings\Administrator\My Documents\haven\westwood\areas\hiker\obj\coffee.c --> duuk.com /realms/amelia/westwood/areas/hiker/obj coffee.c
2004.08.08 21:07 B C:\Documents and Settings\Administrator\My Documents\haven\westwood\areas\hiker\obj\doehoof.c --> duuk.com /realms/amelia/westwood/areas/hiker/obj doehoof.c
2004.08.08 21:07 B C:\Documents and Settings\Administrator\My Documents\haven\westwood\areas\hiker\obj\doepelt.c --> duuk.com /realms/amelia/westwood/areas/hiker/obj doepelt.c
2004.08.08 21:07 B C:\Documents and Settings\Administrator\My Documents\haven\westwood\areas\hiker\obj\fisha.c --> duuk.com /realms/amelia/westwood/areas/hiker/obj fisha.c
2004.08.08 21:07 B C:\Documents and Settings\Administrator\My Documents\haven\westwood\areas\hiker\obj\fishb.c --> duuk.com /realms/amelia/westwood/areas/hiker/obj fishb.c
2004.08.08 21:07 B C:\Documents and Settings\Administrator\My Documents\haven\westwood\areas\hiker\obj\fishera.c --> duuk.com /realms/amelia/westwood/areas/hiker/obj fishera.c
2004.08.08 21:07 B C:\Documents and Settings\Administrator\My Documents\haven\westwood\areas\hiker\obj\fisherb.c --> duuk.com /realms/amelia/westwood/areas/hiker/obj fisherb.c
2004.08.08 21:07 B C:\Documents and Settings\Administrator\My Documents\haven\westwood\areas\hiker\obj\fknife.c --> duuk.com /realms/amelia/westwood/areas/hiker/obj fknife.c
2004.08.08 21:07 B C:\Documents and Settings\Administrator\My Documents\haven\westwood\areas\hiker\obj\flannel.c --> duuk.com /realms/amelia/westwood/areas/hiker/obj flannel.c
2004.08.08 21:07 B C:\Documents and Settings\Administrator\My Documents\haven\westwood\areas\hiker\obj\fpole.c --> duuk.com /realms/amelia/westwood/areas/hiker/obj fpole.c
2004.08.08 21:07 B C:\Documents and Settings\Administrator\My Documents\haven\westwood\areas\hiker\obj\fruit.c --> duuk.com /realms/amelia/westwood/areas/hiker/obj fruit.c
2004.08.08 21:07 B C:\Documents and Settings\Administrator\My Documents\haven\westwood\areas\hiker\obj\grubfood.c --> duuk.com /realms/amelia/westwood/areas/hiker/obj grubfood.c
2004.08.08 21:07 B C:\Documents and Settings\Administrator\My Documents\haven\westwood\areas\hiker\obj\juice.c --> duuk.com /realms/amelia/westwood/areas/hiker/obj juice.c
2004.08.08 21:07 B C:\Documents and Settings\Administrator\My Documents\haven\westwood\areas\hiker\obj\kit.c --> duuk.com /realms/amelia/westwood/areas/hiker/obj kit.c
2004.08.08 21:07 B C:\Documents and Settings\Administrator\My Documents\haven\westwood\areas\hiker\obj\knife.c --> duuk.com /realms/amelia/westwood/areas/hiker/obj knife.c
2004.08.08 21:07 B C:\Documents and Settings\Administrator\My Documents\haven\westwood\areas\hiker\obj\knuckles.c --> duuk.com /realms/amelia/westwood/areas/hiker/obj knuckles.c
2004.08.08 21:07 B C:\Documents and Settings\Administrator\My Documents\haven\westwood\areas\hiker\obj\lantern.c --> duuk.com /realms/amelia/westwood/areas/hiker/obj lantern.c
2004.08.08 21:07 B C:\Documents and Settings\Administrator\My Documents\haven\westwood\areas\hiker\obj\longbow.c --> duuk.com /realms/amelia/westwood/areas/hiker/obj longbow.c
2004.08.08 21:07 B C:\Documents and Settings\Administrator\My Documents\haven\westwood\areas\hiker\obj\mat.c --> duuk.com /realms/amelia/westwood/areas/hiker/obj mat.c
2004.08.08 21:07 B C:\Documents and Settings\Administrator\My Documents\haven\westwood\areas\hiker\obj\medium_belt.c --> duuk.com /realms/amelia/westwood/areas/hiker/obj medium_belt.c
2004.08.08 21:07 B C:\Documents and Settings\Administrator\My Documents\haven\westwood\areas\hiker\obj\medium_boots.c --> duuk.com /realms/amelia/westwood/areas/hiker/obj medium_boots.c
2004.08.08 21:07 B C:\Documents and Settings\Administrator\My Documents\haven\westwood\areas\hiker\obj\medium_flannel.c --> duuk.com /realms/amelia/westwood/areas/hiker/obj medium_flannel.c
2004.08.08 21:07 B C:\Documents and Settings\Administrator\My Documents\haven\westwood\areas\hiker\obj\medium_pants.c --> duuk.com /realms/amelia/westwood/areas/hiker/obj medium_pants.c
2004.08.08 21:07 B C:\Documents and Settings\Administrator\My Documents\haven\westwood\areas\hiker\obj\medium_shirt.c --> duuk.com /realms/amelia/westwood/areas/hiker/obj medium_shirt.c
2004.08.08 21:07 B C:\Documents and Settings\Administrator\My Documents\haven\westwood\areas\hiker\obj\medium_shorts.c --> duuk.com /realms/amelia/westwood/areas/hiker/obj medium_shorts.c
2004.08.08 21:07 B C:\Documents and Settings\Administrator\My Documents\haven\westwood\areas\hiker\obj\medium_tee.c --> duuk.com /realms/amelia/westwood/areas/hiker/obj medium_tee.c
2004.08.08 21:07 B C:\Documents and Settings\Administrator\My Documents\haven\westwood\areas\hiker\obj\medium_visor.c --> duuk.com /realms/amelia/westwood/areas/hiker/obj medium_visor.c
2004.08.08 21:07 B C:\Documents and Settings\Administrator\My Documents\haven\westwood\areas\hiker\obj\mediumpjs.c --> duuk.com /realms/amelia/westwood/areas/hiker/obj mediumpjs.c
2004.08.08 21:07 B C:\Documents and Settings\Administrator\My Documents\haven\westwood\areas\hiker\obj\pail.c --> duuk.com /realms/amelia/westwood/areas/hiker/obj pail.c
2004.08.08 21:07 B C:\Documents and Settings\Administrator\My Documents\haven\westwood\areas\hiker\obj\pants.c --> duuk.com /realms/amelia/westwood/areas/hiker/obj pants.c
2004.08.08 21:08 B C:\Documents and Settings\Administrator\My Documents\haven\westwood\areas\hiker\obj\pjs.c --> duuk.com /realms/amelia/westwood/areas/hiker/obj pjs.c
2004.08.08 21:08 B C:\Documents and Settings\Administrator\My Documents\haven\westwood\areas\hiker\obj\sac.c --> duuk.com /realms/amelia/westwood/areas/hiker/obj sac.c
2004.08.08 21:08 B C:\Documents and Settings\Administrator\My Documents\haven\westwood\areas\hiker\obj\sandwich.c --> duuk.com /realms/amelia/westwood/areas/hiker/obj sandwich.c
2004.08.08 21:08 B C:\Documents and Settings\Administrator\My Documents\haven\westwood\areas\hiker\obj\shirt.c --> duuk.com /realms/amelia/westwood/areas/hiker/obj shirt.c
2004.08.08 21:08 B C:\Documents and Settings\Administrator\My Documents\haven\westwood\areas\hiker\obj\shorts.c --> duuk.com /realms/amelia/westwood/areas/hiker/obj shorts.c
2004.08.08 21:08 B C:\Documents and Settings\Administrator\My Documents\haven\westwood\areas\hiker\obj\sign.c --> duuk.com /realms/amelia/westwood/areas/hiker/obj sign.c
2004.08.08 21:08 B C:\Documents and Settings\Administrator\My Documents\haven\westwood\areas\hiker\obj\snack.c --> duuk.com /realms/amelia/westwood/areas/hiker/obj snack.c
2004.08.08 21:08 B C:\Documents and Settings\Administrator\My Documents\haven\westwood\areas\hiker\obj\stick.c --> duuk.com /realms/amelia/westwood/areas/hiker/obj stick.c
2004.08.08 21:08 B C:\Documents and Settings\Administrator\My Documents\haven\westwood\areas\hiker\obj\strawhat.c --> duuk.com /realms/amelia/westwood/areas/hiker/obj strawhat.c
2004.08.08 21:08 B C:\Documents and Settings\Administrator\My Documents\haven\westwood\areas\hiker\obj\swim.c --> duuk.com /realms/amelia/westwood/areas/hiker/obj swim.c
2004.08.08 21:08 B C:\Documents and Settings\Administrator\My Documents\haven\westwood\areas\hiker\obj\tablec.c --> duuk.com /realms/amelia/westwood/areas/hiker/obj tablec.c
2004.08.08 21:08 B C:\Documents and Settings\Administrator\My Documents\haven\westwood\areas\hiker\obj\tee.c --> duuk.com /realms/amelia/westwood/areas/hiker/obj tee.c
2004.08.08 21:08 B C:\Documents and Settings\Administrator\My Documents\haven\westwood\areas\hiker\obj\tentbad.c --> duuk.com /realms/amelia/westwood/areas/hiker/obj tentbad.c
2004.08.08 21:08 B C:\Documents and Settings\Administrator\My Documents\haven\westwood\areas\hiker\obj\tentmade.c --> duuk.com /realms/amelia/westwood/areas/hiker/obj tentmade.c
2004.08.08 21:08 B C:\Documents and Settings\Administrator\My Documents\haven\westwood\areas\hiker\obj\tentset.c --> duuk.com /realms/amelia/westwood/areas/hiker/obj tentset.c
2004.08.08 21:08 B C:\Documents and Settings\Administrator\My Documents\haven\westwood\areas\hiker\obj\visor.c --> duuk.com /realms/amelia/westwood/areas/hiker/obj visor.c
2004.08.08 21:08 B C:\Documents and Settings\Administrator\My Documents\haven\westwood\areas\hiker\obj\walkpole.c --> duuk.com /realms/amelia/westwood/areas/hiker/obj walkpole.c
2004.08.08 21:08 B C:\Documents and Settings\Administrator\My Documents\haven\westwood\areas\hiker\obj\wantlers.c --> duuk.com /realms/amelia/westwood/areas/hiker/obj wantlers.c
2004.08.08 21:08 B C:\Documents and Settings\Administrator\My Documents\haven\westwood\areas\hiker\obj\windbrk.c --> duuk.com /realms/amelia/westwood/areas/hiker/obj windbrk.c
