2000.03.29 17:54 B C:\My Documents\Haven\domains\westwood\areas\hiker\npc\babyb2.c <-- mud.entropymedia.com /disk/balishae/lib/domains/westwood/areas/hiker/npc babyb2.c
2000.03.29 17:54 B C:\My Documents\Haven\domains\westwood\areas\hiker\npc\babybear.c <-- mud.entropymedia.com /disk/balishae/lib/domains/westwood/areas/hiker/npc babybear.c
2000.03.29 17:54 B C:\My Documents\Haven\domains\westwood\areas\hiker\npc\bear_mom.c <-- mud.entropymedia.com /disk/balishae/lib/domains/westwood/areas/hiker/npc bear_mom.c
2000.03.29 17:54 B C:\My Documents\Haven\domains\westwood\areas\hiker\npc\cab_man.c <-- mud.entropymedia.com /disk/balishae/lib/domains/westwood/areas/hiker/npc cab_man.c
2000.03.29 17:54 B C:\My Documents\Haven\domains\westwood\areas\hiker\npc\cab_qu.c <-- mud.entropymedia.com /disk/balishae/lib/domains/westwood/areas/hiker/npc cab_qu.c
2000.03.29 17:54 B C:\My Documents\Haven\domains\westwood\areas\hiker\npc\camp_ex.c <-- mud.entropymedia.com /disk/balishae/lib/domains/westwood/areas/hiker/npc camp_ex.c
2000.03.29 17:54 B C:\My Documents\Haven\domains\westwood\areas\hiker\npc\camp_qu.c <-- mud.entropymedia.com /disk/balishae/lib/domains/westwood/areas/hiker/npc camp_qu.c
2000.03.29 17:54 B C:\My Documents\Haven\domains\westwood\areas\hiker\npc\camp_sl.c <-- mud.entropymedia.com /disk/balishae/lib/domains/westwood/areas/hiker/npc camp_sl.c
2000.03.29 17:54 B C:\My Documents\Haven\domains\westwood\areas\hiker\npc\camp_sng.c <-- mud.entropymedia.com /disk/balishae/lib/domains/westwood/areas/hiker/npc camp_sng.c
2000.03.29 17:54 B C:\My Documents\Haven\domains\westwood\areas\hiker\npc\camp_st.c <-- mud.entropymedia.com /disk/balishae/lib/domains/westwood/areas/hiker/npc camp_st.c
2000.03.29 17:55 B C:\My Documents\Haven\domains\westwood\areas\hiker\npc\doe.c <-- mud.entropymedia.com /disk/balishae/lib/domains/westwood/areas/hiker/npc doe.c
2000.03.29 17:55 B C:\My Documents\Haven\domains\westwood\areas\hiker\npc\dunedoe.c <-- mud.entropymedia.com /disk/balishae/lib/domains/westwood/areas/hiker/npc dunedoe.c
2000.03.29 17:55 B C:\My Documents\Haven\domains\westwood\areas\hiker\npc\fisha.c <-- mud.entropymedia.com /disk/balishae/lib/domains/westwood/areas/hiker/npc fisha.c
2000.03.29 17:55 B C:\My Documents\Haven\domains\westwood\areas\hiker\npc\fishb.c <-- mud.entropymedia.com /disk/balishae/lib/domains/westwood/areas/hiker/npc fishb.c
2000.03.29 17:55 B C:\My Documents\Haven\domains\westwood\areas\hiker\npc\fisher.c <-- mud.entropymedia.com /disk/balishae/lib/domains/westwood/areas/hiker/npc fisher.c
2000.03.29 17:55 B C:\My Documents\Haven\domains\westwood\areas\hiker\npc\grub.c <-- mud.entropymedia.com /disk/balishae/lib/domains/westwood/areas/hiker/npc grub.c
2000.03.29 17:55 B C:\My Documents\Haven\domains\westwood\areas\hiker\npc\hiker.c <-- mud.entropymedia.com /disk/balishae/lib/domains/westwood/areas/hiker/npc hiker.c
2000.03.29 17:55 B C:\My Documents\Haven\domains\westwood\areas\hiker\npc\hiker_l.c <-- mud.entropymedia.com /disk/balishae/lib/domains/westwood/areas/hiker/npc hiker_l.c
2000.03.29 17:55 B C:\My Documents\Haven\domains\westwood\areas\hiker\npc\pic_ad.c <-- mud.entropymedia.com /disk/balishae/lib/domains/westwood/areas/hiker/npc pic_ad.c
2000.03.29 17:55 B C:\My Documents\Haven\domains\westwood\areas\hiker\npc\pic_kid.c <-- mud.entropymedia.com /disk/balishae/lib/domains/westwood/areas/hiker/npc pic_kid.c
2000.03.29 17:55 B C:\My Documents\Haven\domains\westwood\areas\hiker\npc\pickboy.c <-- mud.entropymedia.com /disk/balishae/lib/domains/westwood/areas/hiker/npc pickboy.c
2000.03.29 17:55 B C:\My Documents\Haven\domains\westwood\areas\hiker\npc\picker.c <-- mud.entropymedia.com /disk/balishae/lib/domains/westwood/areas/hiker/npc picker.c
2000.03.29 17:55 B C:\My Documents\Haven\domains\westwood\areas\hiker\npc\pickgirl.c <-- mud.entropymedia.com /disk/balishae/lib/domains/westwood/areas/hiker/npc pickgirl.c
2000.03.29 17:55 B C:\My Documents\Haven\domains\westwood\areas\hiker\npc\spider.c <-- mud.entropymedia.com /disk/balishae/lib/domains/westwood/areas/hiker/npc spider.c
2000.03.29 17:55 B C:\My Documents\Haven\domains\westwood\areas\hiker\npc\stag.c <-- mud.entropymedia.com /disk/balishae/lib/domains/westwood/areas/hiker/npc stag.c
2000.03.29 17:55 B C:\My Documents\Haven\domains\westwood\areas\hiker\npc\swimboy.c <-- mud.entropymedia.com /disk/balishae/lib/domains/westwood/areas/hiker/npc swimboy.c
2000.03.29 17:55 B C:\My Documents\Haven\domains\westwood\areas\hiker\npc\wstag.c <-- mud.entropymedia.com /disk/balishae/lib/domains/westwood/areas/hiker/npc wstag.c
2004.07.25 10:43 A C:\Documents and Settings\Administrator\My Documents\haven\westwood\areas\hiker\npc\ws_ftp.log <-- duuk /realms/amelia/westwood/areas/hiker/npc ws_ftp.log
2004.07.25 10:43 A C:\Documents and Settings\Administrator\My Documents\haven\westwood\areas\hiker\npc\wstag.c <-- duuk /realms/amelia/westwood/areas/hiker/npc wstag.c
2004.07.25 18:58 B C:\Documents and Settings\Administrator\My Documents\haven\westwood\areas\hiker\npc\hiker.c --> duuk.com /realms/amelia/westwood/areas/hiker/npc hiker.c
2004.07.25 19:01 B C:\Documents and Settings\Administrator\My Documents\haven\westwood\areas\hiker\npc\hiker.c --> duuk.com /realms/amelia/westwood/areas/hiker/npc hiker.c
2004.08.08 20:38 B C:\Documents and Settings\Administrator\My Documents\haven\westwood\areas\hiker\npc\babyb2.c --> duuk.com /realms/amelia/westwood/areas/hiker/npc babyb2.c
2004.08.08 20:39 B C:\Documents and Settings\Administrator\My Documents\haven\westwood\areas\hiker\npc\cab_man.c --> duuk.com /realms/amelia/westwood/areas/hiker/npc cab_man.c
2004.08.08 20:39 B C:\Documents and Settings\Administrator\My Documents\haven\westwood\areas\hiker\npc\camp_ex.c --> duuk.com /realms/amelia/westwood/areas/hiker/npc camp_ex.c
2004.08.08 20:39 B C:\Documents and Settings\Administrator\My Documents\haven\westwood\areas\hiker\npc\camp_sl.c --> duuk.com /realms/amelia/westwood/areas/hiker/npc camp_sl.c
2004.08.08 20:39 B C:\Documents and Settings\Administrator\My Documents\haven\westwood\areas\hiker\npc\camp_sng.c --> duuk.com /realms/amelia/westwood/areas/hiker/npc camp_sng.c
2004.08.08 20:39 B C:\Documents and Settings\Administrator\My Documents\haven\westwood\areas\hiker\npc\hiker.c --> duuk.com /realms/amelia/westwood/areas/hiker/npc hiker.c
2004.08.08 20:39 B C:\Documents and Settings\Administrator\My Documents\haven\westwood\areas\hiker\npc\pic_ad.c --> duuk.com /realms/amelia/westwood/areas/hiker/npc pic_ad.c
2004.08.08 20:39 B C:\Documents and Settings\Administrator\My Documents\haven\westwood\areas\hiker\npc\pic_kid.c --> duuk.com /realms/amelia/westwood/areas/hiker/npc pic_kid.c
2004.08.08 20:39 B C:\Documents and Settings\Administrator\My Documents\haven\westwood\areas\hiker\npc\pickboy.c --> duuk.com /realms/amelia/westwood/areas/hiker/npc pickboy.c
2004.08.08 20:39 B C:\Documents and Settings\Administrator\My Documents\haven\westwood\areas\hiker\npc\picker.c --> duuk.com /realms/amelia/westwood/areas/hiker/npc picker.c
2004.08.08 20:39 B C:\Documents and Settings\Administrator\My Documents\haven\westwood\areas\hiker\npc\pickgirl.c --> duuk.com /realms/amelia/westwood/areas/hiker/npc pickgirl.c
2004.08.08 20:39 B C:\Documents and Settings\Administrator\My Documents\haven\westwood\areas\hiker\npc\swimboy.c --> duuk.com /realms/amelia/westwood/areas/hiker/npc swimboy.c
2004.08.08 20:39 B C:\Documents and Settings\Administrator\My Documents\haven\westwood\areas\hiker\npc\WS_FTP.LOG --> duuk.com /realms/amelia/westwood/areas/hiker/npc WS_FTP.LOG
2004.08.08 21:22 B C:\Documents and Settings\Administrator\My Documents\haven\westwood\areas\hiker\npc\babyb2.c --> duuk.com /realms/amelia/westwood/areas/hiker/npc babyb2.c
2004.08.08 21:22 B C:\Documents and Settings\Administrator\My Documents\haven\westwood\areas\hiker\npc\babybear.c --> duuk.com /realms/amelia/westwood/areas/hiker/npc babybear.c
2004.08.08 21:22 B C:\Documents and Settings\Administrator\My Documents\haven\westwood\areas\hiker\npc\bear_mom.c --> duuk.com /realms/amelia/westwood/areas/hiker/npc bear_mom.c
2004.08.08 21:22 B C:\Documents and Settings\Administrator\My Documents\haven\westwood\areas\hiker\npc\cab_man.c --> duuk.com /realms/amelia/westwood/areas/hiker/npc cab_man.c
2004.08.08 21:22 B C:\Documents and Settings\Administrator\My Documents\haven\westwood\areas\hiker\npc\cab_qu.c --> duuk.com /realms/amelia/westwood/areas/hiker/npc cab_qu.c
2004.08.08 21:22 B C:\Documents and Settings\Administrator\My Documents\haven\westwood\areas\hiker\npc\camp_ex.c --> duuk.com /realms/amelia/westwood/areas/hiker/npc camp_ex.c
2004.08.08 21:22 B C:\Documents and Settings\Administrator\My Documents\haven\westwood\areas\hiker\npc\camp_qu.c --> duuk.com /realms/amelia/westwood/areas/hiker/npc camp_qu.c
2004.08.08 21:22 B C:\Documents and Settings\Administrator\My Documents\haven\westwood\areas\hiker\npc\camp_sl.c --> duuk.com /realms/amelia/westwood/areas/hiker/npc camp_sl.c
2004.08.08 21:22 B C:\Documents and Settings\Administrator\My Documents\haven\westwood\areas\hiker\npc\camp_sng.c --> duuk.com /realms/amelia/westwood/areas/hiker/npc camp_sng.c
2004.08.08 21:22 B C:\Documents and Settings\Administrator\My Documents\haven\westwood\areas\hiker\npc\camp_st.c --> duuk.com /realms/amelia/westwood/areas/hiker/npc camp_st.c
2004.08.08 21:22 B C:\Documents and Settings\Administrator\My Documents\haven\westwood\areas\hiker\npc\doe.c --> duuk.com /realms/amelia/westwood/areas/hiker/npc doe.c
2004.08.08 21:22 B C:\Documents and Settings\Administrator\My Documents\haven\westwood\areas\hiker\npc\dunedoe.c --> duuk.com /realms/amelia/westwood/areas/hiker/npc dunedoe.c
2004.08.08 21:22 B C:\Documents and Settings\Administrator\My Documents\haven\westwood\areas\hiker\npc\fisha.c --> duuk.com /realms/amelia/westwood/areas/hiker/npc fisha.c
2004.08.08 21:23 B C:\Documents and Settings\Administrator\My Documents\haven\westwood\areas\hiker\npc\fishb.c --> duuk.com /realms/amelia/westwood/areas/hiker/npc fishb.c
2004.08.08 21:23 B C:\Documents and Settings\Administrator\My Documents\haven\westwood\areas\hiker\npc\fisher.c --> duuk.com /realms/amelia/westwood/areas/hiker/npc fisher.c
2004.08.08 21:23 B C:\Documents and Settings\Administrator\My Documents\haven\westwood\areas\hiker\npc\grub.c --> duuk.com /realms/amelia/westwood/areas/hiker/npc grub.c
2004.08.08 21:23 B C:\Documents and Settings\Administrator\My Documents\haven\westwood\areas\hiker\npc\hiker.c --> duuk.com /realms/amelia/westwood/areas/hiker/npc hiker.c
2004.08.08 21:23 B C:\Documents and Settings\Administrator\My Documents\haven\westwood\areas\hiker\npc\hiker_l.c --> duuk.com /realms/amelia/westwood/areas/hiker/npc hiker_l.c
2004.08.08 21:23 B C:\Documents and Settings\Administrator\My Documents\haven\westwood\areas\hiker\npc\pic_ad.c --> duuk.com /realms/amelia/westwood/areas/hiker/npc pic_ad.c
2004.08.08 21:23 B C:\Documents and Settings\Administrator\My Documents\haven\westwood\areas\hiker\npc\pic_kid.c --> duuk.com /realms/amelia/westwood/areas/hiker/npc pic_kid.c
2004.08.08 21:23 B C:\Documents and Settings\Administrator\My Documents\haven\westwood\areas\hiker\npc\pickboy.c --> duuk.com /realms/amelia/westwood/areas/hiker/npc pickboy.c
2004.08.08 21:23 B C:\Documents and Settings\Administrator\My Documents\haven\westwood\areas\hiker\npc\picker.c --> duuk.com /realms/amelia/westwood/areas/hiker/npc picker.c
2004.08.08 21:23 B C:\Documents and Settings\Administrator\My Documents\haven\westwood\areas\hiker\npc\pickgirl.c --> duuk.com /realms/amelia/westwood/areas/hiker/npc pickgirl.c
2004.08.08 21:23 B C:\Documents and Settings\Administrator\My Documents\haven\westwood\areas\hiker\npc\spider.c --> duuk.com /realms/amelia/westwood/areas/hiker/npc spider.c
2004.08.08 21:23 B C:\Documents and Settings\Administrator\My Documents\haven\westwood\areas\hiker\npc\stag.c --> duuk.com /realms/amelia/westwood/areas/hiker/npc stag.c
2004.08.08 21:23 B C:\Documents and Settings\Administrator\My Documents\haven\westwood\areas\hiker\npc\swimboy.c --> duuk.com /realms/amelia/westwood/areas/hiker/npc swimboy.c
